GET -- / -- Mozilla/5.0 (Macintosh; Intel Mac OS X 10_15_3) AppleWebKit/537.36 (KHTML, like Gecko) Chrome/83.0.4103.61 Safari/537.36 -- 1,591,424,349,662
GET -- /robots.txt -- Mozilla/5.0 (Macintosh; Intel Mac OS X 10_15_3) AppleWebKit/537.36 (KHTML, like Gecko) Chrome/83.0.4103.61 Safari/537.36 -- 1,591,424,349,904
GET -- /blog/list -- Mozilla/5.0 (Macintosh; Intel Mac OS X 10_15_3) AppleWebKit/537.36 (KHTML, like Gecko) Chrome/83.0.4103.61 Safari/537.36 -- 1,591,424,354,325
GET -- /favicon.ico -- Mozilla/5.0 (Macintosh; Intel Mac OS X 10_15_3) AppleWebKit/537.36 (KHTML, like Gecko) Chrome/83.0.4103.61 Safari/537.36 -- 1,591,424,355,983
GET -- /blog/list -- Mozilla/5.0 (Macintosh; Intel Mac OS X 10_15_3) AppleWebKit/537.36 (KHTML, like Gecko) Chrome/83.0.4103.61 Safari/537.36 -- 1,591,424,370,693
GET -- /blog/list -- Mozilla/5.0 (Macintosh; Intel Mac OS X 10_15_3) AppleWebKit/537.36 (KHTML, like Gecko) Chrome/83.0.4103.61 Safari/537.36 -- function toLocaleTimeString() { [native code] }
GET -- /blog/list -- Mozilla/5.0 (Macintosh; Intel Mac OS X 10_15_3) AppleWebKit/537.36 (KHTML, like Gecko) Chrome/83.0.4103.61 Safari/537.36 -- 14:22:08
GET -- /blog/list -- Mozilla/5.0 (Macintosh; Intel Mac OS X 10_15_3) AppleWebKit/537.36 (KHTML, like Gecko) Chrome/83.0.4103.61 Safari/537.36 -- Sat Jun 06 2020 14:23:38 GMT+0800 (CST)
GET -- /blog/list -- Mozilla/5.0 (Macintosh; Intel Mac OS X 10_15_3) AppleWebKit/537.36 (KHTML, like Gecko) Chrome/83.0.4103.61 Safari/537.36 -- Sat Jun 06 2020 14:23:44 GMT+0800 (CST)
GET -- /blog/list -- Mozilla/5.0 (Macintosh; Intel Mac OS X 10_15_3) AppleWebKit/537.36 (KHTML, like Gecko) Chrome/83.0.4103.61 Safari/537.36 -- Sat Jun 06 2020 14:24:11 GMT+0800 (CST)
GET -- /api/blog/list -- Mozilla/5.0 (Macintosh; Intel Mac OS X 10_15_3) AppleWebKit/537.36 (KHTML, like Gecko) Chrome/83.0.4103.61 Safari/537.36 -- Sat Jun 06 2020 14:24:32 GMT+0800 (CST)
GET -- /api/blog/listhttps://home.firefoxchina.cn -- Mozilla/5.0 (Macintosh; Intel Mac OS X 10.15; rv:77.0) Gecko/20100101 Firefox/77.0 -- Sat Jun 06 2020 14:48:02 GMT+0800 (CST)
GET -- /favicon.ico -- Mozilla/5.0 (Macintosh; Intel Mac OS X 10.15; rv:77.0) Gecko/20100101 Firefox/77.0 -- Sat Jun 06 2020 14:48:02 GMT+0800 (CST)
GET -- /api/blog/list -- Mozilla/5.0 (Macintosh; Intel Mac OS X 10.15; rv:77.0) Gecko/20100101 Firefox/77.0 -- Sat Jun 06 2020 14:48:06 GMT+0800 (CST)
GET -- /api/blog/list -- Mozilla/5.0 (Macintosh; Intel Mac OS X 10.15; rv:77.0) Gecko/20100101 Firefox/77.0 -- Sat Jun 06 2020 14:48:30 GMT+0800 (CST)
GET -- /__svrx.io__/?EIO=3&transport=polling&t=NA8kNJa -- Mozilla/5.0 (Macintosh; Intel Mac OS X 10_15_3) AppleWebKit/537.36 (KHTML, like Gecko) Chrome/83.0.4103.61 Safari/537.36 -- Sat Jun 06 2020 16:22:35 GMT+0800 (CST)
GET -- /api/blog/list -- Mozilla/5.0 (Macintosh; Intel Mac OS X 10_15_3) AppleWebKit/537.36 (KHTML, like Gecko) Chrome/83.0.4103.61 Safari/537.36 -- Sat Jun 06 2020 16:22:39 GMT+0800 (CST)
GET -- /__svrx.io__/?EIO=3&transport=polling&t=NA8kOqj -- Mozilla/5.0 (Macintosh; Intel Mac OS X 10_15_3) AppleWebKit/537.36 (KHTML, like Gecko) Chrome/83.0.4103.61 Safari/537.36 -- Sat Jun 06 2020 16:22:41 GMT+0800 (CST)
GET -- /api/blog/list -- Mozilla/5.0 (Macintosh; Intel Mac OS X 10_15_3) AppleWebKit/537.36 (KHTML, like Gecko) Chrome/83.0.4103.61 Safari/537.36 -- Sat Jun 06 2020 16:22:46 GMT+0800 (CST)
GET -- /__svrx.io__/?EIO=3&transport=polling&t=NA8kQHR -- Mozilla/5.0 (Macintosh; Intel Mac OS X 10_15_3) AppleWebKit/537.36 (KHTML, like Gecko) Chrome/83.0.4103.61 Safari/537.36 -- Sat Jun 06 2020 16:22:47 GMT+0800 (CST)
GET -- /__svrx.io__/?EIO=3&transport=polling&t=NA8kRlA -- Mozilla/5.0 (Macintosh; Intel Mac OS X 10_15_3) AppleWebKit/537.36 (KHTML, like Gecko) Chrome/83.0.4103.61 Safari/537.36 -- Sat Jun 06 2020 16:22:53 GMT+0800 (CST)
GET -- /__svrx.io__/?EIO=3&transport=polling&t=NA8kTBa -- Mozilla/5.0 (Macintosh; Intel Mac OS X 10_15_3) AppleWebKit/537.36 (KHTML, like Gecko) Chrome/83.0.4103.61 Safari/537.36 -- Sat Jun 06 2020 16:22:59 GMT+0800 (CST)
GET -- /__svrx.io__/?EIO=3&transport=polling&t=NA8kUfL -- Mozilla/5.0 (Macintosh; Intel Mac OS X 10_15_3) AppleWebKit/537.36 (KHTML, like Gecko) Chrome/83.0.4103.61 Safari/537.36 -- Sat Jun 06 2020 16:23:05 GMT+0800 (CST)
GET -- /__svrx.io__/?EIO=3&transport=polling&t=NA8kW9H -- Mozilla/5.0 (Macintosh; Intel Mac OS X 10_15_3) AppleWebKit/537.36 (KHTML, like Gecko) Chrome/83.0.4103.61 Safari/537.36 -- Sat Jun 06 2020 16:23:11 GMT+0800 (CST)
GET -- /__svrx.io__/?EIO=3&transport=polling&t=NA8kXlp -- Mozilla/5.0 (Macintosh; Intel Mac OS X 10_15_3) AppleWebKit/537.36 (KHTML, like Gecko) Chrome/83.0.4103.61 Safari/537.36 -- Sat Jun 06 2020 16:23:17 GMT+0800 (CST)
GET -- /api/blog/list -- Mozilla/5.0 (Macintosh; Intel Mac OS X 10_15_3) AppleWebKit/537.36 (KHTML, like Gecko) Chrome/83.0.4103.61 Safari/537.36 -- Sat Jun 06 2020 16:23:19 GMT+0800 (CST)
GET -- /__svrx.io__/?EIO=3&transport=polling&t=NA8kZCr -- Mozilla/5.0 (Macintosh; Intel Mac OS X 10_15_3) AppleWebKit/537.36 (KHTML, like Gecko) Chrome/83.0.4103.61 Safari/537.36 -- Sat Jun 06 2020 16:23:23 GMT+0800 (CST)
GET -- /__svrx.io__/?EIO=3&transport=polling&t=NA8ka_R -- Mozilla/5.0 (Macintosh; Intel Mac OS X 10_15_3) AppleWebKit/537.36 (KHTML, like Gecko) Chrome/83.0.4103.61 Safari/537.36 -- Sat Jun 06 2020 16:23:31 GMT+0800 (CST)
GET -- /__svrx.io__/?EIO=3&transport=polling&t=NA8kcP8 -- Mozilla/5.0 (Macintosh; Intel Mac OS X 10_15_3) AppleWebKit/537.36 (KHTML, like Gecko) Chrome/83.0.4103.61 Safari/537.36 -- Sat Jun 06 2020 16:23:36 GMT+0800 (CST)
GET -- /api/blog/list -- Mozilla/5.0 (Macintosh; Intel Mac OS X 10_15_3) AppleWebKit/537.36 (KHTML, like Gecko) Chrome/83.0.4103.61 Safari/537.36 -- Sat Jun 06 2020 16:23:41 GMT+0800 (CST)
GET -- /__svrx.io__/?EIO=3&transport=polling&t=NA8kdz4 -- Mozilla/5.0 (Macintosh; Intel Mac OS X 10_15_3) AppleWebKit/537.36 (KHTML, like Gecko) Chrome/83.0.4103.61 Safari/537.36 -- Sat Jun 06 2020 16:23:43 GMT+0800 (CST)
GET -- /__svrx.io__/?EIO=3&transport=polling&t=NA8kfPJ -- Mozilla/5.0 (Macintosh; Intel Mac OS X 10_15_3) AppleWebKit/537.36 (KHTML, like Gecko) Chrome/83.0.4103.61 Safari/537.36 -- Sat Jun 06 2020 16:23:49 GMT+0800 (CST)
GET -- /__svrx.io__/?EIO=3&transport=polling&t=NA8kgsl -- Mozilla/5.0 (Macintosh; Intel Mac OS X 10_15_3) AppleWebKit/537.36 (KHTML, like Gecko) Chrome/83.0.4103.61 Safari/537.36 -- Sat Jun 06 2020 16:23:55 GMT+0800 (CST)
GET -- /__svrx.io__/?EIO=3&transport=polling&t=NA8kiKy -- Mozilla/5.0 (Macintosh; Intel Mac OS X 10_15_3) AppleWebKit/537.36 (KHTML, like Gecko) Chrome/83.0.4103.61 Safari/537.36 -- Sat Jun 06 2020 16:24:01 GMT+0800 (CST)
GET -- /__svrx.io__/?EIO=3&transport=polling&t=NA8kjpq -- Mozilla/5.0 (Macintosh; Intel Mac OS X 10_15_3) AppleWebKit/537.36 (KHTML, like Gecko) Chrome/83.0.4103.61 Safari/537.36 -- Sat Jun 06 2020 16:24:07 GMT+0800 (CST)
GET -- /__svrx.io__/?EIO=3&transport=polling&t=NA8klQ7 -- Mozilla/5.0 (Macintosh; Intel Mac OS X 10_15_3) AppleWebKit/537.36 (KHTML, like Gecko) Chrome/83.0.4103.61 Safari/537.36 -- Sat Jun 06 2020 16:24:13 GMT+0800 (CST)
GET -- /__svrx.io__/?EIO=3&transport=polling&t=NA8km_c -- Mozilla/5.0 (Macintosh; Intel Mac OS X 10_15_3) AppleWebKit/537.36 (KHTML, like Gecko) Chrome/83.0.4103.61 Safari/537.36 -- Sat Jun 06 2020 16:24:20 GMT+0800 (CST)
GET -- /__svrx.io__/?EIO=3&transport=polling&t=NA8koeD -- Mozilla/5.0 (Macintosh; Intel Mac OS X 10_15_3) AppleWebKit/537.36 (KHTML, like Gecko) Chrome/83.0.4103.61 Safari/537.36 -- Sat Jun 06 2020 16:24:26 GMT+0800 (CST)
GET -- /__svrx.io__/?EIO=3&transport=polling&t=NA8kq81 -- Mozilla/5.0 (Macintosh; Intel Mac OS X 10_15_3) AppleWebKit/537.36 (KHTML, like Gecko) Chrome/83.0.4103.61 Safari/537.36 -- Sat Jun 06 2020 16:24:33 GMT+0800 (CST)
GET -- /__svrx.io__/?EIO=3&transport=polling&t=NA8krc0 -- Mozilla/5.0 (Macintosh; Intel Mac OS X 10_15_3) AppleWebKit/537.36 (KHTML, like Gecko) Chrome/83.0.4103.61 Safari/537.36 -- Sat Jun 06 2020 16:24:39 GMT+0800 (CST)
GET -- /__svrx.io__/?EIO=3&transport=polling&t=NA8kt49 -- Mozilla/5.0 (Macintosh; Intel Mac OS X 10_15_3) AppleWebKit/537.36 (KHTML, like Gecko) Chrome/83.0.4103.61 Safari/537.36 -- Sat Jun 06 2020 16:24:45 GMT+0800 (CST)
GET -- /__svrx.io__/?EIO=3&transport=polling&t=NA8kuYI -- Mozilla/5.0 (Macintosh; Intel Mac OS X 10_15_3) AppleWebKit/537.36 (KHTML, like Gecko) Chrome/83.0.4103.61 Safari/537.36 -- Sat Jun 06 2020 16:24:51 GMT+0800 (CST)
GET -- /__svrx.io__/?EIO=3&transport=polling&t=NA8kv_z -- Mozilla/5.0 (Macintosh; Intel Mac OS X 10_15_3) AppleWebKit/537.36 (KHTML, like Gecko) Chrome/83.0.4103.61 Safari/537.36 -- Sat Jun 06 2020 16:24:57 GMT+0800 (CST)
GET -- /__svrx.io__/?EIO=3&transport=polling&t=NA8kxNp -- Mozilla/5.0 (Macintosh; Intel Mac OS X 10_15_3) AppleWebKit/537.36 (KHTML, like Gecko) Chrome/83.0.4103.61 Safari/537.36 -- Sat Jun 06 2020 16:25:02 GMT+0800 (CST)
GET -- /__svrx.io__/?EIO=3&transport=polling&t=NA8kyyb -- Mozilla/5.0 (Macintosh; Intel Mac OS X 10_15_3) AppleWebKit/537.36 (KHTML, like Gecko) Chrome/83.0.4103.61 Safari/537.36 -- Sat Jun 06 2020 16:25:09 GMT+0800 (CST)
GET -- /__svrx.io__/?EIO=3&transport=polling&t=NA8k-KV -- Mozilla/5.0 (Macintosh; Intel Mac OS X 10_15_3) AppleWebKit/537.36 (KHTML, like Gecko) Chrome/83.0.4103.61 Safari/537.36 -- Sat Jun 06 2020 16:25:14 GMT+0800 (CST)
GET -- /__svrx.io__/?EIO=3&transport=polling&t=NA8l060 -- Mozilla/5.0 (Macintosh; Intel Mac OS X 10_15_3) AppleWebKit/537.36 (KHTML, like Gecko) Chrome/83.0.4103.61 Safari/537.36 -- Sat Jun 06 2020 16:25:22 GMT+0800 (CST)
GET -- /__svrx.io__/?EIO=3&transport=polling&t=NA8l1UP -- Mozilla/5.0 (Macintosh; Intel Mac OS X 10_15_3) AppleWebKit/537.36 (KHTML, like Gecko) Chrome/83.0.4103.61 Safari/537.36 -- Sat Jun 06 2020 16:25:27 GMT+0800 (CST)
GET -- /__svrx.io__/?EIO=3&transport=polling&t=NA8l33b -- Mozilla/5.0 (Macintosh; Intel Mac OS X 10_15_3) AppleWebKit/537.36 (KHTML, like Gecko) Chrome/83.0.4103.61 Safari/537.36 -- Sat Jun 06 2020 16:25:34 GMT+0800 (CST)
GET -- /__svrx.io__/?EIO=3&transport=polling&t=NA8l4nG -- Mozilla/5.0 (Macintosh; Intel Mac OS X 10_15_3) AppleWebKit/537.36 (KHTML, like Gecko) Chrome/83.0.4103.61 Safari/537.36 -- Sat Jun 06 2020 16:25:41 GMT+0800 (CST)
GET -- /__svrx.io__/?EIO=3&transport=polling&t=NA8l6EL -- Mozilla/5.0 (Macintosh; Intel Mac OS X 10_15_3) AppleWebKit/537.36 (KHTML, like Gecko) Chrome/83.0.4103.61 Safari/537.36 -- Sat Jun 06 2020 16:25:47 GMT+0800 (CST)
GET -- /__svrx.io__/?EIO=3&transport=polling&t=NA8l7y8 -- Mozilla/5.0 (Macintosh; Intel Mac OS X 10_15_3) AppleWebKit/537.36 (KHTML, like Gecko) Chrome/83.0.4103.61 Safari/537.36 -- Sat Jun 06 2020 16:25:54 GMT+0800 (CST)
GET -- /__svrx.io__/?EIO=3&transport=polling&t=NA8l9IO -- Mozilla/5.0 (Macintosh; Intel Mac OS X 10_15_3) AppleWebKit/537.36 (KHTML, like Gecko) Chrome/83.0.4103.61 Safari/537.36 -- Sat Jun 06 2020 16:25:59 GMT+0800 (CST)
GET -- /__svrx.io__/?EIO=3&transport=polling&t=NA8lAtE -- Mozilla/5.0 (Macintosh; Intel Mac OS X 10_15_3) AppleWebKit/537.36 (KHTML, like Gecko) Chrome/83.0.4103.61 Safari/537.36 -- Sat Jun 06 2020 16:26:06 GMT+0800 (CST)
GET -- /__svrx.io__/?EIO=3&transport=polling&t=NA8lCIF -- Mozilla/5.0 (Macintosh; Intel Mac OS X 10_15_3) AppleWebKit/537.36 (KHTML, like Gecko) Chrome/83.0.4103.61 Safari/537.36 -- Sat Jun 06 2020 16:26:11 GMT+0800 (CST)
GET -- /__svrx.io__/?EIO=3&transport=polling&t=NA8lDkp -- Mozilla/5.0 (Macintosh; Intel Mac OS X 10_15_3) AppleWebKit/537.36 (KHTML, like Gecko) Chrome/83.0.4103.61 Safari/537.36 -- Sat Jun 06 2020 16:26:17 GMT+0800 (CST)
GET -- /__svrx.io__/?EIO=3&transport=polling&t=NA8lFEZ -- Mozilla/5.0 (Macintosh; Intel Mac OS X 10_15_3) AppleWebKit/537.36 (KHTML, like Gecko) Chrome/83.0.4103.61 Safari/537.36 -- Sat Jun 06 2020 16:26:24 GMT+0800 (CST)
GET -- /__svrx.io__/?EIO=3&transport=polling&t=NA8lGiP -- Mozilla/5.0 (Macintosh; Intel Mac OS X 10_15_3) AppleWebKit/537.36 (KHTML, like Gecko) Chrome/83.0.4103.61 Safari/537.36 -- Sat Jun 06 2020 16:26:30 GMT+0800 (CST)
GET -- /__svrx.io__/?EIO=3&transport=polling&t=NA8lIAI -- Mozilla/5.0 (Macintosh; Intel Mac OS X 10_15_3) AppleWebKit/537.36 (KHTML, like Gecko) Chrome/83.0.4103.61 Safari/537.36 -- Sat Jun 06 2020 16:26:36 GMT+0800 (CST)
GET -- /__svrx.io__/?EIO=3&transport=polling&t=NA8lJeI -- Mozilla/5.0 (Macintosh; Intel Mac OS X 10_15_3) AppleWebKit/537.36 (KHTML, like Gecko) Chrome/83.0.4103.61 Safari/537.36 -- Sat Jun 06 2020 16:26:42 GMT+0800 (CST)
GET -- /__svrx.io__/?EIO=3&transport=polling&t=NA8lL62 -- Mozilla/5.0 (Macintosh; Intel Mac OS X 10_15_3) AppleWebKit/537.36 (KHTML, like Gecko) Chrome/83.0.4103.61 Safari/537.36 -- Sat Jun 06 2020 16:26:48 GMT+0800 (CST)
GET -- /__svrx.io__/?EIO=3&transport=polling&t=NA8lMaK -- Mozilla/5.0 (Macintosh; Intel Mac OS X 10_15_3) AppleWebKit/537.36 (KHTML, like Gecko) Chrome/83.0.4103.61 Safari/537.36 -- Sat Jun 06 2020 16:26:54 GMT+0800 (CST)
GET -- /__svrx.io__/?EIO=3&transport=polling&t=NA8lO2- -- Mozilla/5.0 (Macintosh; Intel Mac OS X 10_15_3) AppleWebKit/537.36 (KHTML, like Gecko) Chrome/83.0.4103.61 Safari/537.36 -- Sat Jun 06 2020 16:27:00 GMT+0800 (CST)
GET -- /__svrx.io__/?EIO=3&transport=polling&t=NA8lPUe -- Mozilla/5.0 (Macintosh; Intel Mac OS X 10_15_3) AppleWebKit/537.36 (KHTML, like Gecko) Chrome/83.0.4103.61 Safari/537.36 -- Sat Jun 06 2020 16:27:06 GMT+0800 (CST)
GET -- /__svrx.io__/?EIO=3&transport=polling&t=NA8lRCo -- Mozilla/5.0 (Macintosh; Intel Mac OS X 10_15_3) AppleWebKit/537.36 (KHTML, like Gecko) Chrome/83.0.4103.61 Safari/537.36 -- Sat Jun 06 2020 16:27:13 GMT+0800 (CST)
GET -- /__svrx.io__/?EIO=3&transport=polling&t=NA8lSgB -- Mozilla/5.0 (Macintosh; Intel Mac OS X 10_15_3) AppleWebKit/537.36 (KHTML, like Gecko) Chrome/83.0.4103.61 Safari/537.36 -- Sat Jun 06 2020 16:27:19 GMT+0800 (CST)
GET -- /__svrx.io__/?EIO=3&transport=polling&t=NA8lU95 -- Mozilla/5.0 (Macintosh; Intel Mac OS X 10_15_3) AppleWebKit/537.36 (KHTML, like Gecko) Chrome/83.0.4103.61 Safari/537.36 -- Sat Jun 06 2020 16:27:25 GMT+0800 (CST)
GET -- /__svrx.io__/?EIO=3&transport=polling&t=NA8lVdM -- Mozilla/5.0 (Macintosh; Intel Mac OS X 10_15_3) AppleWebKit/537.36 (KHTML, like Gecko) Chrome/83.0.4103.61 Safari/537.36 -- Sat Jun 06 2020 16:27:31 GMT+0800 (CST)
GET -- /__svrx.io__/?EIO=3&transport=polling&t=NA8lX3H -- Mozilla/5.0 (Macintosh; Intel Mac OS X 10_15_3) AppleWebKit/537.36 (KHTML, like Gecko) Chrome/83.0.4103.61 Safari/537.36 -- Sat Jun 06 2020 16:27:37 GMT+0800 (CST)
GET -- /__svrx.io__/?EIO=3&transport=polling&t=NA8lYil -- Mozilla/5.0 (Macintosh; Intel Mac OS X 10_15_3) AppleWebKit/537.36 (KHTML, like Gecko) Chrome/83.0.4103.61 Safari/537.36 -- Sat Jun 06 2020 16:27:43 GMT+0800 (CST)
GET -- /__svrx.io__/?EIO=3&transport=polling&t=NA8laTw -- Mozilla/5.0 (Macintosh; Intel Mac OS X 10_15_3) AppleWebKit/537.36 (KHTML, like Gecko) Chrome/83.0.4103.61 Safari/537.36 -- Sat Jun 06 2020 16:27:51 GMT+0800 (CST)
GET -- /__svrx.io__/?EIO=3&transport=polling&t=NA8lbyZ -- Mozilla/5.0 (Macintosh; Intel Mac OS X 10_15_3) AppleWebKit/537.36 (KHTML, like Gecko) Chrome/83.0.4103.61 Safari/537.36 -- Sat Jun 06 2020 16:27:57 GMT+0800 (CST)
GET -- /__svrx.io__/?EIO=3&transport=polling&t=NA8ldaT -- Mozilla/5.0 (Macintosh; Intel Mac OS X 10_15_3) AppleWebKit/537.36 (KHTML, like Gecko) Chrome/83.0.4103.61 Safari/537.36 -- Sat Jun 06 2020 16:28:03 GMT+0800 (CST)
GET -- /__svrx.io__/?EIO=3&transport=polling&t=NA8lfKb -- Mozilla/5.0 (Macintosh; Intel Mac OS X 10_15_3) AppleWebKit/537.36 (KHTML, like Gecko) Chrome/83.0.4103.61 Safari/537.36 -- Sat Jun 06 2020 16:28:10 GMT+0800 (CST)
GET -- /__svrx.io__/?EIO=3&transport=polling&t=NA8lh3o -- Mozilla/5.0 (Macintosh; Intel Mac OS X 10_15_3) AppleWebKit/537.36 (KHTML, like Gecko) Chrome/83.0.4103.61 Safari/537.36 -- Sat Jun 06 2020 16:28:18 GMT+0800 (CST)
GET -- /__svrx.io__/?EIO=3&transport=polling&t=NA8liXf -- Mozilla/5.0 (Macintosh; Intel Mac OS X 10_15_3) AppleWebKit/537.36 (KHTML, like Gecko) Chrome/83.0.4103.61 Safari/537.36 -- Sat Jun 06 2020 16:28:24 GMT+0800 (CST)
GET -- /__svrx.io__/?EIO=3&transport=polling&t=NA8lj_V -- Mozilla/5.0 (Macintosh; Intel Mac OS X 10_15_3) AppleWebKit/537.36 (KHTML, like Gecko) Chrome/83.0.4103.61 Safari/537.36 -- Sat Jun 06 2020 16:28:30 GMT+0800 (CST)
GET -- /__svrx.io__/?EIO=3&transport=polling&t=NA8llTJ -- Mozilla/5.0 (Macintosh; Intel Mac OS X 10_15_3) AppleWebKit/537.36 (KHTML, like Gecko) Chrome/83.0.4103.61 Safari/537.36 -- Sat Jun 06 2020 16:28:36 GMT+0800 (CST)
GET -- /__svrx.io__/?EIO=3&transport=polling&t=NA8lmxg -- Mozilla/5.0 (Macintosh; Intel Mac OS X 10_15_3) AppleWebKit/537.36 (KHTML, like Gecko) Chrome/83.0.4103.61 Safari/537.36 -- Sat Jun 06 2020 16:28:42 GMT+0800 (CST)
GET -- /__svrx.io__/?EIO=3&transport=polling&t=NA8loQC -- Mozilla/5.0 (Macintosh; Intel Mac OS X 10_15_3) AppleWebKit/537.36 (KHTML, like Gecko) Chrome/83.0.4103.61 Safari/537.36 -- Sat Jun 06 2020 16:28:48 GMT+0800 (CST)
GET -- /__svrx.io__/?EIO=3&transport=polling&t=NA8lq8X -- Mozilla/5.0 (Macintosh; Intel Mac OS X 10_15_3) AppleWebKit/537.36 (KHTML, like Gecko) Chrome/83.0.4103.61 Safari/537.36 -- Sat Jun 06 2020 16:28:55 GMT+0800 (CST)
GET -- /__svrx.io__/?EIO=3&transport=polling&t=NA8lrcH -- Mozilla/5.0 (Macintosh; Intel Mac OS X 10_15_3) AppleWebKit/537.36 (KHTML, like Gecko) Chrome/83.0.4103.61 Safari/537.36 -- Sat Jun 06 2020 16:29:01 GMT+0800 (CST)
GET -- /__svrx.io__/?EIO=3&transport=polling&t=NA8lt1h -- Mozilla/5.0 (Macintosh; Intel Mac OS X 10_15_3) AppleWebKit/537.36 (KHTML, like Gecko) Chrome/83.0.4103.61 Safari/537.36 -- Sat Jun 06 2020 16:29:07 GMT+0800 (CST)
GET -- /__svrx.io__/?EIO=3&transport=polling&t=NA8luVR -- Mozilla/5.0 (Macintosh; Intel Mac OS X 10_15_3) AppleWebKit/537.36 (KHTML, like Gecko) Chrome/83.0.4103.61 Safari/537.36 -- Sat Jun 06 2020 16:29:13 GMT+0800 (CST)
GET -- /__svrx.io__/?EIO=3&transport=polling&t=NA8lvzS -- Mozilla/5.0 (Macintosh; Intel Mac OS X 10_15_3) AppleWebKit/537.36 (KHTML, like Gecko) Chrome/83.0.4103.61 Safari/537.36 -- Sat Jun 06 2020 16:29:19 GMT+0800 (CST)
GET -- /__svrx.io__/?EIO=3&transport=polling&t=NA8lxSF -- Mozilla/5.0 (Macintosh; Intel Mac OS X 10_15_3) AppleWebKit/537.36 (KHTML, like Gecko) Chrome/83.0.4103.61 Safari/537.36 -- Sat Jun 06 2020 16:29:25 GMT+0800 (CST)
GET -- /__svrx.io__/?EIO=3&transport=polling&t=NA8lyuu -- Mozilla/5.0 (Macintosh; Intel Mac OS X 10_15_3) AppleWebKit/537.36 (KHTML, like Gecko) Chrome/83.0.4103.61 Safari/537.36 -- Sat Jun 06 2020 16:29:31 GMT+0800 (CST)
GET -- /__svrx.io__/?EIO=3&transport=polling&t=NA8l-He -- Mozilla/5.0 (Macintosh; Intel Mac OS X 10_15_3) AppleWebKit/537.36 (KHTML, like Gecko) Chrome/83.0.4103.61 Safari/537.36 -- Sat Jun 06 2020 16:29:36 GMT+0800 (CST)
GET -- /__svrx.io__/?EIO=3&transport=polling&t=NA8l_-P -- Mozilla/5.0 (Macintosh; Intel Mac OS X 10_15_3) AppleWebKit/537.36 (KHTML, like Gecko) Chrome/83.0.4103.61 Safari/537.36 -- Sat Jun 06 2020 16:29:43 GMT+0800 (CST)
GET -- /__svrx.io__/?EIO=3&transport=polling&t=NA8m1Xt -- Mozilla/5.0 (Macintosh; Intel Mac OS X 10_15_3) AppleWebKit/537.36 (KHTML, like Gecko) Chrome/83.0.4103.61 Safari/537.36 -- Sat Jun 06 2020 16:29:50 GMT+0800 (CST)
GET -- /__svrx.io__/?EIO=3&transport=polling&t=NA8m39X -- Mozilla/5.0 (Macintosh; Intel Mac OS X 10_15_3) AppleWebKit/537.36 (KHTML, like Gecko) Chrome/83.0.4103.61 Safari/537.36 -- Sat Jun 06 2020 16:29:56 GMT+0800 (CST)
GET -- /__svrx.io__/?EIO=3&transport=polling&t=NA8m4uo -- Mozilla/5.0 (Macintosh; Intel Mac OS X 10_15_3) AppleWebKit/537.36 (KHTML, like Gecko) Chrome/83.0.4103.61 Safari/537.36 -- Sat Jun 06 2020 16:30:03 GMT+0800 (CST)
GET -- /__svrx.io__/?EIO=3&transport=polling&t=NA8m6fT -- Mozilla/5.0 (Macintosh; Intel Mac OS X 10_15_3) AppleWebKit/537.36 (KHTML, like Gecko) Chrome/83.0.4103.61 Safari/537.36 -- Sat Jun 06 2020 16:30:11 GMT+0800 (CST)
GET -- /__svrx.io__/?EIO=3&transport=polling&t=NA8m8K6 -- Mozilla/5.0 (Macintosh; Intel Mac OS X 10_15_3) AppleWebKit/537.36 (KHTML, like Gecko) Chrome/83.0.4103.61 Safari/537.36 -- Sat Jun 06 2020 16:30:17 GMT+0800 (CST)
GET -- /__svrx.io__/?EIO=3&transport=polling&t=NA8m9qh -- Mozilla/5.0 (Macintosh; Intel Mac OS X 10_15_3) AppleWebKit/537.36 (KHTML, like Gecko) Chrome/83.0.4103.61 Safari/537.36 -- Sat Jun 06 2020 16:30:24 GMT+0800 (CST)
GET -- /__svrx.io__/?EIO=3&transport=polling&t=NA8mBIe -- Mozilla/5.0 (Macintosh; Intel Mac OS X 10_15_3) AppleWebKit/537.36 (KHTML, like Gecko) Chrome/83.0.4103.61 Safari/537.36 -- Sat Jun 06 2020 16:30:30 GMT+0800 (CST)
GET -- /__svrx.io__/?EIO=3&transport=polling&t=NA8mCmj -- Mozilla/5.0 (Macintosh; Intel Mac OS X 10_15_3) AppleWebKit/537.36 (KHTML, like Gecko) Chrome/83.0.4103.61 Safari/537.36 -- Sat Jun 06 2020 16:30:36 GMT+0800 (CST)
GET -- /__svrx.io__/?EIO=3&transport=polling&t=NA8mEOH -- Mozilla/5.0 (Macintosh; Intel Mac OS X 10_15_3) AppleWebKit/537.36 (KHTML, like Gecko) Chrome/83.0.4103.61 Safari/537.36 -- Sat Jun 06 2020 16:30:42 GMT+0800 (CST)
GET -- /__svrx.io__/?EIO=3&transport=polling&t=NA8mFvp -- Mozilla/5.0 (Macintosh; Intel Mac OS X 10_15_3) AppleWebKit/537.36 (KHTML, like Gecko) Chrome/83.0.4103.61 Safari/537.36 -- Sat Jun 06 2020 16:30:48 GMT+0800 (CST)
GET -- /api/blog/list -- Mozilla/5.0 (Macintosh; Intel Mac OS X 10_15_3) AppleWebKit/537.36 (KHTML, like Gecko) Chrome/83.0.4103.61 Safari/537.36 -- Sat Jun 06 2020 16:30:49 GMT+0800 (CST)
GET -- /__svrx.io__/?EIO=3&transport=polling&t=NA8mHO- -- Mozilla/5.0 (Macintosh; Intel Mac OS X 10_15_3) AppleWebKit/537.36 (KHTML, like Gecko) Chrome/83.0.4103.61 Safari/537.36 -- Sat Jun 06 2020 16:30:55 GMT+0800 (CST)
GET -- /api/blog/list -- Mozilla/5.0 (Macintosh; Intel Mac OS X 10_15_3) AppleWebKit/537.36 (KHTML, like Gecko) Chrome/83.0.4103.61 Safari/537.36 -- Sat Jun 06 2020 16:31:03 GMT+0800 (CST)
GET -- /__svrx.io__/?EIO=3&transport=polling&t=NA8mKal -- Mozilla/5.0 (Macintosh; Intel Mac OS X 10_15_3) AppleWebKit/537.36 (KHTML, like Gecko) Chrome/83.0.4103.61 Safari/537.36 -- Sat Jun 06 2020 16:31:08 GMT+0800 (CST)
GET -- /__svrx.io__/?EIO=3&transport=polling&t=NA8mMCH -- Mozilla/5.0 (Macintosh; Intel Mac OS X 10_15_3) AppleWebKit/537.36 (KHTML, like Gecko) Chrome/83.0.4103.61 Safari/537.36 -- Sat Jun 06 2020 16:31:14 GMT+0800 (CST)
GET -- /__svrx.io__/?EIO=3&transport=polling&t=NA8mNvg -- Mozilla/5.0 (Macintosh; Intel Mac OS X 10_15_3) AppleWebKit/537.36 (KHTML, like Gecko) Chrome/83.0.4103.61 Safari/537.36 -- Sat Jun 06 2020 16:31:21 GMT+0800 (CST)
GET -- /__svrx.io__/?EIO=3&transport=polling&t=NA8mPNQ -- Mozilla/5.0 (Macintosh; Intel Mac OS X 10_15_3) AppleWebKit/537.36 (KHTML, like Gecko) Chrome/83.0.4103.61 Safari/537.36 -- Sat Jun 06 2020 16:31:27 GMT+0800 (CST)
GET -- /api/blog/list -- Mozilla/5.0 (Macintosh; Intel Mac OS X 10_15_3) AppleWebKit/537.36 (KHTML, like Gecko) Chrome/83.0.4103.61 Safari/537.36 -- Sat Jun 06 2020 16:31:29 GMT+0800 (CST)
GET -- /__svrx.io__/?EIO=3&transport=polling&t=NA8mQvs -- Mozilla/5.0 (Macintosh; Intel Mac OS X 10_15_3) AppleWebKit/537.36 (KHTML, like Gecko) Chrome/83.0.4103.61 Safari/537.36 -- Sat Jun 06 2020 16:31:34 GMT+0800 (CST)
GET -- /__svrx.io__/?EIO=3&transport=polling&t=NA8mSOC -- Mozilla/5.0 (Macintosh; Intel Mac OS X 10_15_3) AppleWebKit/537.36 (KHTML, like Gecko) Chrome/83.0.4103.61 Safari/537.36 -- Sat Jun 06 2020 16:31:40 GMT+0800 (CST)
GET -- /__svrx.io__/?EIO=3&transport=polling&t=NA8mU0N -- Mozilla/5.0 (Macintosh; Intel Mac OS X 10_15_3) AppleWebKit/537.36 (KHTML, like Gecko) Chrome/83.0.4103.61 Safari/537.36 -- Sat Jun 06 2020 16:31:46 GMT+0800 (CST)
OPTIONS -- /api/user/login -- Mozilla/5.0 (Macintosh; Intel Mac OS X 10_15_3) AppleWebKit/537.36 (KHTML, like Gecko) Chrome/83.0.4103.61 Safari/537.36 -- Sat Jun 06 2020 16:31:48 GMT+0800 (CST)
POST -- /api/user/login -- Mozilla/5.0 (Macintosh; Intel Mac OS X 10_15_3) AppleWebKit/537.36 (KHTML, like Gecko) Chrome/83.0.4103.61 Safari/537.36 -- Sat Jun 06 2020 16:31:48 GMT+0800 (CST)
GET -- /__svrx.io__/?EIO=3&transport=polling&t=NA8mVU3 -- Mozilla/5.0 (Macintosh; Intel Mac OS X 10_15_3) AppleWebKit/537.36 (KHTML, like Gecko) Chrome/83.0.4103.61 Safari/537.36 -- Sat Jun 06 2020 16:31:52 GMT+0800 (CST)
OPTIONS -- /api/user/login -- Mozilla/5.0 (Macintosh; Intel Mac OS X 10_15_3) AppleWebKit/537.36 (KHTML, like Gecko) Chrome/83.0.4103.61 Safari/537.36 -- Sat Jun 06 2020 16:31:53 GMT+0800 (CST)
POST -- /api/user/login -- Mozilla/5.0 (Macintosh; Intel Mac OS X 10_15_3) AppleWebKit/537.36 (KHTML, like Gecko) Chrome/83.0.4103.61 Safari/537.36 -- Sat Jun 06 2020 16:31:53 GMT+0800 (CST)
POST -- /api/user/login -- Mozilla/5.0 (Macintosh; Intel Mac OS X 10_15_3) AppleWebKit/537.36 (KHTML, like Gecko) Chrome/83.0.4103.61 Safari/537.36 -- Sat Jun 06 2020 16:31:58 GMT+0800 (CST)
GET -- /api/blog/list?isadmin=1 -- Mozilla/5.0 (Macintosh; Intel Mac OS X 10_15_3) AppleWebKit/537.36 (KHTML, like Gecko) Chrome/83.0.4103.61 Safari/537.36 -- Sat Jun 06 2020 16:31:58 GMT+0800 (CST)
GET -- /__svrx.io__/?EIO=3&transport=polling&t=NA8mXBQ -- Mozilla/5.0 (Macintosh; Intel Mac OS X 10_15_3) AppleWebKit/537.36 (KHTML, like Gecko) Chrome/83.0.4103.61 Safari/537.36 -- Sat Jun 06 2020 16:31:59 GMT+0800 (CST)
GET -- /__svrx.io__/?EIO=3&transport=polling&t=NA8mYvB -- Mozilla/5.0 (Macintosh; Intel Mac OS X 10_15_3) AppleWebKit/537.36 (KHTML, like Gecko) Chrome/83.0.4103.61 Safari/537.36 -- Sat Jun 06 2020 16:32:06 GMT+0800 (CST)
OPTIONS -- /api/user/login -- Mozilla/5.0 (Macintosh; Intel Mac OS X 10_15_3) AppleWebKit/537.36 (KHTML, like Gecko) Chrome/83.0.4103.61 Safari/537.36 -- Sat Jun 06 2020 16:32:07 GMT+0800 (CST)
POST -- /api/user/login -- Mozilla/5.0 (Macintosh; Intel Mac OS X 10_15_3) AppleWebKit/537.36 (KHTML, like Gecko) Chrome/83.0.4103.61 Safari/537.36 -- Sat Jun 06 2020 16:32:07 GMT+0800 (CST)
GET -- /__svrx.io__/?EIO=3&transport=polling&t=NA8maUB -- Mozilla/5.0 (Macintosh; Intel Mac OS X 10_15_3) AppleWebKit/537.36 (KHTML, like Gecko) Chrome/83.0.4103.61 Safari/537.36 -- Sat Jun 06 2020 16:32:13 GMT+0800 (CST)
GET -- /__svrx.io__/?EIO=3&transport=polling&t=NA8mc56 -- Mozilla/5.0 (Macintosh; Intel Mac OS X 10_15_3) AppleWebKit/537.36 (KHTML, like Gecko) Chrome/83.0.4103.61 Safari/537.36 -- Sat Jun 06 2020 16:32:19 GMT+0800 (CST)
GET -- /__svrx.io__/?EIO=3&transport=polling&t=NA8mdsK -- Mozilla/5.0 (Macintosh; Intel Mac OS X 10_15_3) AppleWebKit/537.36 (KHTML, like Gecko) Chrome/83.0.4103.61 Safari/537.36 -- Sat Jun 06 2020 16:32:27 GMT+0800 (CST)
GET -- /__svrx.io__/?EIO=3&transport=polling&t=NA8mfKk -- Mozilla/5.0 (Macintosh; Intel Mac OS X 10_15_3) AppleWebKit/537.36 (KHTML, like Gecko) Chrome/83.0.4103.61 Safari/537.36 -- Sat Jun 06 2020 16:32:33 GMT+0800 (CST)
GET -- /__svrx.io__/?EIO=3&transport=polling&t=NA8mg-K -- Mozilla/5.0 (Macintosh; Intel Mac OS X 10_15_3) AppleWebKit/537.36 (KHTML, like Gecko) Chrome/83.0.4103.61 Safari/537.36 -- Sat Jun 06 2020 16:32:39 GMT+0800 (CST)
GET -- /__svrx.io__/?EIO=3&transport=polling&t=NA8mifp -- Mozilla/5.0 (Macintosh; Intel Mac OS X 10_15_3) AppleWebKit/537.36 (KHTML, like Gecko) Chrome/83.0.4103.61 Safari/537.36 -- Sat Jun 06 2020 16:32:46 GMT+0800 (CST)
GET -- /__svrx.io__/?EIO=3&transport=polling&t=NA8mkST -- Mozilla/5.0 (Macintosh; Intel Mac OS X 10_15_3) AppleWebKit/537.36 (KHTML, like Gecko) Chrome/83.0.4103.61 Safari/537.36 -- Sat Jun 06 2020 16:32:54 GMT+0800 (CST)
GET -- /__svrx.io__/?EIO=3&transport=polling&t=NA8mm89 -- Mozilla/5.0 (Macintosh; Intel Mac OS X 10_15_3) AppleWebKit/537.36 (KHTML, like Gecko) Chrome/83.0.4103.61 Safari/537.36 -- Sat Jun 06 2020 16:33:00 GMT+0800 (CST)
GET -- /__svrx.io__/?EIO=3&transport=polling&t=NA8mnd_ -- Mozilla/5.0 (Macintosh; Intel Mac OS X 10_15_3) AppleWebKit/537.36 (KHTML, like Gecko) Chrome/83.0.4103.61 Safari/537.36 -- Sat Jun 06 2020 16:33:07 GMT+0800 (CST)
GET -- /__svrx.io__/?EIO=3&transport=polling&t=NA8mp67 -- Mozilla/5.0 (Macintosh; Intel Mac OS X 10_15_3) AppleWebKit/537.36 (KHTML, like Gecko) Chrome/83.0.4103.61 Safari/537.36 -- Sat Jun 06 2020 16:33:13 GMT+0800 (CST)
GET -- /__svrx.io__/?EIO=3&transport=polling&t=NA8mqaf -- Mozilla/5.0 (Macintosh; Intel Mac OS X 10_15_3) AppleWebKit/537.36 (KHTML, like Gecko) Chrome/83.0.4103.61 Safari/537.36 -- Sat Jun 06 2020 16:33:19 GMT+0800 (CST)
GET -- /__svrx.io__/?EIO=3&transport=polling&t=NA8ms29 -- Mozilla/5.0 (Macintosh; Intel Mac OS X 10_15_3) AppleWebKit/537.36 (KHTML, like Gecko) Chrome/83.0.4103.61 Safari/537.36 -- Sat Jun 06 2020 16:33:25 GMT+0800 (CST)
GET -- /__svrx.io__/?EIO=3&transport=polling&t=NA8mtTB -- Mozilla/5.0 (Macintosh; Intel Mac OS X 10_15_3) AppleWebKit/537.36 (KHTML, like Gecko) Chrome/83.0.4103.61 Safari/537.36 -- Sat Jun 06 2020 16:33:30 GMT+0800 (CST)
GET -- /__svrx.io__/?EIO=3&transport=polling&t=NA8muyH -- Mozilla/5.0 (Macintosh; Intel Mac OS X 10_15_3) AppleWebKit/537.36 (KHTML, like Gecko) Chrome/83.0.4103.61 Safari/537.36 -- Sat Jun 06 2020 16:33:37 GMT+0800 (CST)
GET -- /__svrx.io__/?EIO=3&transport=polling&t=NA8mwQ5 -- Mozilla/5.0 (Macintosh; Intel Mac OS X 10_15_3) AppleWebKit/537.36 (KHTML, like Gecko) Chrome/83.0.4103.61 Safari/537.36 -- Sat Jun 06 2020 16:33:43 GMT+0800 (CST)
GET -- /__svrx.io__/?EIO=3&transport=polling&t=NA8mxu6 -- Mozilla/5.0 (Macintosh; Intel Mac OS X 10_15_3) AppleWebKit/537.36 (KHTML, like Gecko) Chrome/83.0.4103.61 Safari/537.36 -- Sat Jun 06 2020 16:33:49 GMT+0800 (CST)
GET -- /__svrx.io__/?EIO=3&transport=polling&t=NA8mzM7 -- Mozilla/5.0 (Macintosh; Intel Mac OS X 10_15_3) AppleWebKit/537.36 (KHTML, like Gecko) Chrome/83.0.4103.61 Safari/537.36 -- Sat Jun 06 2020 16:33:55 GMT+0800 (CST)
GET -- /__svrx.io__/?EIO=3&transport=polling&t=NA8m-qY -- Mozilla/5.0 (Macintosh; Intel Mac OS X 10_15_3) AppleWebKit/537.36 (KHTML, like Gecko) Chrome/83.0.4103.61 Safari/537.36 -- Sat Jun 06 2020 16:34:01 GMT+0800 (CST)
GET -- /__svrx.io__/?EIO=3&transport=polling&t=NA8n0JD -- Mozilla/5.0 (Macintosh; Intel Mac OS X 10_15_3) AppleWebKit/537.36 (KHTML, like Gecko) Chrome/83.0.4103.61 Safari/537.36 -- Sat Jun 06 2020 16:34:07 GMT+0800 (CST)
GET -- /__svrx.io__/?EIO=3&transport=polling&t=NA8n1l8 -- Mozilla/5.0 (Macintosh; Intel Mac OS X 10_15_3) AppleWebKit/537.36 (KHTML, like Gecko) Chrome/83.0.4103.61 Safari/537.36 -- Sat Jun 06 2020 16:34:13 GMT+0800 (CST)
GET -- /__svrx.io__/?EIO=3&transport=polling&t=NA8n3Cl -- Mozilla/5.0 (Macintosh; Intel Mac OS X 10_15_3) AppleWebKit/537.36 (KHTML, like Gecko) Chrome/83.0.4103.61 Safari/537.36 -- Sat Jun 06 2020 16:34:19 GMT+0800 (CST)
GET -- /__svrx.io__/?EIO=3&transport=polling&t=NA8n4gl -- Mozilla/5.0 (Macintosh; Intel Mac OS X 10_15_3) AppleWebKit/537.36 (KHTML, like Gecko) Chrome/83.0.4103.61 Safari/537.36 -- Sat Jun 06 2020 16:34:25 GMT+0800 (CST)
GET -- /__svrx.io__/?EIO=3&transport=polling&t=NA8n69p -- Mozilla/5.0 (Macintosh; Intel Mac OS X 10_15_3) AppleWebKit/537.36 (KHTML, like Gecko) Chrome/83.0.4103.61 Safari/537.36 -- Sat Jun 06 2020 16:34:31 GMT+0800 (CST)
GET -- /__svrx.io__/?EIO=3&transport=polling&t=NA8n7cW -- Mozilla/5.0 (Macintosh; Intel Mac OS X 10_15_3) AppleWebKit/537.36 (KHTML, like Gecko) Chrome/83.0.4103.61 Safari/537.36 -- Sat Jun 06 2020 16:34:37 GMT+0800 (CST)
GET -- /__svrx.io__/?EIO=3&transport=polling&t=NA8n92i -- Mozilla/5.0 (Macintosh; Intel Mac OS X 10_15_3) AppleWebKit/537.36 (KHTML, like Gecko) Chrome/83.0.4103.61 Safari/537.36 -- Sat Jun 06 2020 16:34:42 GMT+0800 (CST)
OPTIONS -- /api/user/login -- Mozilla/5.0 (Macintosh; Intel Mac OS X 10_15_3) AppleWebKit/537.36 (KHTML, like Gecko) Chrome/83.0.4103.61 Safari/537.36 -- Sat Jun 06 2020 16:34:46 GMT+0800 (CST)
POST -- /api/user/login -- Mozilla/5.0 (Macintosh; Intel Mac OS X 10_15_3) AppleWebKit/537.36 (KHTML, like Gecko) Chrome/83.0.4103.61 Safari/537.36 -- Sat Jun 06 2020 16:34:46 GMT+0800 (CST)
GET -- /__svrx.io__/?EIO=3&transport=polling&t=NA8nAVh -- Mozilla/5.0 (Macintosh; Intel Mac OS X 10_15_3) AppleWebKit/537.36 (KHTML, like Gecko) Chrome/83.0.4103.61 Safari/537.36 -- Sat Jun 06 2020 16:34:48 GMT+0800 (CST)
GET -- /__svrx.io__/?EIO=3&transport=polling&t=NA8nCAb -- Mozilla/5.0 (Macintosh; Intel Mac OS X 10_15_3) AppleWebKit/537.36 (KHTML, like Gecko) Chrome/83.0.4103.61 Safari/537.36 -- Sat Jun 06 2020 16:34:55 GMT+0800 (CST)
GET -- /__svrx.io__/?EIO=3&transport=polling&t=NA8nDx_ -- Mozilla/5.0 (Macintosh; Intel Mac OS X 10_15_3) AppleWebKit/537.36 (KHTML, like Gecko) Chrome/83.0.4103.61 Safari/537.36 -- Sat Jun 06 2020 16:35:03 GMT+0800 (CST)
GET -- /__svrx.io__/?EIO=3&transport=polling&t=NA8nFPt -- Mozilla/5.0 (Macintosh; Intel Mac OS X 10_15_3) AppleWebKit/537.36 (KHTML, like Gecko) Chrome/83.0.4103.61 Safari/537.36 -- Sat Jun 06 2020 16:35:09 GMT+0800 (CST)
GET -- /__svrx.io__/?EIO=3&transport=polling&t=NA8nGtq -- Mozilla/5.0 (Macintosh; Intel Mac OS X 10_15_3) AppleWebKit/537.36 (KHTML, like Gecko) Chrome/83.0.4103.61 Safari/537.36 -- Sat Jun 06 2020 16:35:15 GMT+0800 (CST)
GET -- /__svrx.io__/?EIO=3&transport=polling&t=NA8nINs -- Mozilla/5.0 (Macintosh; Intel Mac OS X 10_15_3) AppleWebKit/537.36 (KHTML, like Gecko) Chrome/83.0.4103.61 Safari/537.36 -- Sat Jun 06 2020 16:35:21 GMT+0800 (CST)
OPTIONS -- /api/user/login -- Mozilla/5.0 (Macintosh; Intel Mac OS X 10_15_3) AppleWebKit/537.36 (KHTML, like Gecko) Chrome/83.0.4103.61 Safari/537.36 -- Sat Jun 06 2020 16:35:27 GMT+0800 (CST)
POST -- /api/user/login -- Mozilla/5.0 (Macintosh; Intel Mac OS X 10_15_3) AppleWebKit/537.36 (KHTML, like Gecko) Chrome/83.0.4103.61 Safari/537.36 -- Sat Jun 06 2020 16:35:27 GMT+0800 (CST)
GET -- /__svrx.io__/?EIO=3&transport=polling&t=NA8nJzT -- Mozilla/5.0 (Macintosh; Intel Mac OS X 10_15_3) AppleWebKit/537.36 (KHTML, like Gecko) Chrome/83.0.4103.61 Safari/537.36 -- Sat Jun 06 2020 16:35:27 GMT+0800 (CST)
GET -- /api/blog/list?isadmin=1 -- Mozilla/5.0 (Macintosh; Intel Mac OS X 10_15_3) AppleWebKit/537.36 (KHTML, like Gecko) Chrome/83.0.4103.61 Safari/537.36 -- Sat Jun 06 2020 16:35:28 GMT+0800 (CST)
GET -- /__svrx.io__/?EIO=3&transport=polling&t=NA8nLXP -- Mozilla/5.0 (Macintosh; Intel Mac OS X 10_15_3) AppleWebKit/537.36 (KHTML, like Gecko) Chrome/83.0.4103.61 Safari/537.36 -- Sat Jun 06 2020 16:35:34 GMT+0800 (CST)
GET -- /__svrx.io__/?EIO=3&transport=polling&t=NA8nN03 -- Mozilla/5.0 (Macintosh; Intel Mac OS X 10_15_3) AppleWebKit/537.36 (KHTML, like Gecko) Chrome/83.0.4103.61 Safari/537.36 -- Sat Jun 06 2020 16:35:40 GMT+0800 (CST)
GET -- /__svrx.io__/?EIO=3&transport=polling&t=NA8nOS8 -- Mozilla/5.0 (Macintosh; Intel Mac OS X 10_15_3) AppleWebKit/537.36 (KHTML, like Gecko) Chrome/83.0.4103.61 Safari/537.36 -- Sat Jun 06 2020 16:35:46 GMT+0800 (CST)
GET -- /__svrx.io__/?EIO=3&transport=polling&t=NA8nPuM -- Mozilla/5.0 (Macintosh; Intel Mac OS X 10_15_3) AppleWebKit/537.36 (KHTML, like Gecko) Chrome/83.0.4103.61 Safari/537.36 -- Sat Jun 06 2020 16:35:51 GMT+0800 (CST)
GET -- /__svrx.io__/?EIO=3&transport=polling&t=NA8nRNO -- Mozilla/5.0 (Macintosh; Intel Mac OS X 10_15_3) AppleWebKit/537.36 (KHTML, like Gecko) Chrome/83.0.4103.61 Safari/537.36 -- Sat Jun 06 2020 16:35:58 GMT+0800 (CST)
GET -- /__svrx.io__/?EIO=3&transport=polling&t=NA8nSrO -- Mozilla/5.0 (Macintosh; Intel Mac OS X 10_15_3) AppleWebKit/537.36 (KHTML, like Gecko) Chrome/83.0.4103.61 Safari/537.36 -- Sat Jun 06 2020 16:36:04 GMT+0800 (CST)
GET -- /__svrx.io__/?EIO=3&transport=polling&t=NA8nUJP -- Mozilla/5.0 (Macintosh; Intel Mac OS X 10_15_3) AppleWebKit/537.36 (KHTML, like Gecko) Chrome/83.0.4103.61 Safari/537.36 -- Sat Jun 06 2020 16:36:10 GMT+0800 (CST)
GET -- /__svrx.io__/?EIO=3&transport=polling&t=NA8nVn9 -- Mozilla/5.0 (Macintosh; Intel Mac OS X 10_15_3) AppleWebKit/537.36 (KHTML, like Gecko) Chrome/83.0.4103.61 Safari/537.36 -- Sat Jun 06 2020 16:36:16 GMT+0800 (CST)
GET -- /__svrx.io__/?EIO=3&transport=polling&t=NA8nXFH -- Mozilla/5.0 (Macintosh; Intel Mac OS X 10_15_3) AppleWebKit/537.36 (KHTML, like Gecko) Chrome/83.0.4103.61 Safari/537.36 -- Sat Jun 06 2020 16:36:22 GMT+0800 (CST)
GET -- /__svrx.io__/?EIO=3&transport=polling&t=NA8nYjA -- Mozilla/5.0 (Macintosh; Intel Mac OS X 10_15_3) AppleWebKit/537.36 (KHTML, like Gecko) Chrome/83.0.4103.61 Safari/537.36 -- Sat Jun 06 2020 16:36:28 GMT+0800 (CST)
GET -- /__svrx.io__/?EIO=3&transport=polling&t=NA8naBs -- Mozilla/5.0 (Macintosh; Intel Mac OS X 10_15_3) AppleWebKit/537.36 (KHTML, like Gecko) Chrome/83.0.4103.61 Safari/537.36 -- Sat Jun 06 2020 16:36:34 GMT+0800 (CST)
GET -- /__svrx.io__/?EIO=3&transport=polling&t=NA8nbe9 -- Mozilla/5.0 (Macintosh; Intel Mac OS X 10_15_3) AppleWebKit/537.36 (KHTML, like Gecko) Chrome/83.0.4103.61 Safari/537.36 -- Sat Jun 06 2020 16:36:40 GMT+0800 (CST)
GET -- /__svrx.io__/?EIO=3&transport=polling&t=NA8nd5W -- Mozilla/5.0 (Macintosh; Intel Mac OS X 10_15_3) AppleWebKit/537.36 (KHTML, like Gecko) Chrome/83.0.4103.61 Safari/537.36 -- Sat Jun 06 2020 16:36:46 GMT+0800 (CST)
GET -- /__svrx.io__/?EIO=3&transport=polling&t=NA8neZO -- Mozilla/5.0 (Macintosh; Intel Mac OS X 10_15_3) AppleWebKit/537.36 (KHTML, like Gecko) Chrome/83.0.4103.61 Safari/537.36 -- Sat Jun 06 2020 16:36:52 GMT+0800 (CST)
GET -- /__svrx.io__/?EIO=3&transport=polling&t=NA8ngCK -- Mozilla/5.0 (Macintosh; Intel Mac OS X 10_15_3) AppleWebKit/537.36 (KHTML, like Gecko) Chrome/83.0.4103.61 Safari/537.36 -- Sat Jun 06 2020 16:36:58 GMT+0800 (CST)
GET -- /__svrx.io__/?EIO=3&transport=polling&t=NA8nhyr -- Mozilla/5.0 (Macintosh; Intel Mac OS X 10_15_3) AppleWebKit/537.36 (KHTML, like Gecko) Chrome/83.0.4103.61 Safari/537.36 -- Sat Jun 06 2020 16:37:05 GMT+0800 (CST)
GET -- /__svrx.io__/?EIO=3&transport=polling&t=NA8njS8 -- Mozilla/5.0 (Macintosh; Intel Mac OS X 10_15_3) AppleWebKit/537.36 (KHTML, like Gecko) Chrome/83.0.4103.61 Safari/537.36 -- Sat Jun 06 2020 16:37:12 GMT+0800 (CST)
GET -- /__svrx.io__/?EIO=3&transport=polling&t=NA8nkwI -- Mozilla/5.0 (Macintosh; Intel Mac OS X 10_15_3) AppleWebKit/537.36 (KHTML, like Gecko) Chrome/83.0.4103.61 Safari/537.36 -- Sat Jun 06 2020 16:37:18 GMT+0800 (CST)
GET -- /__svrx.io__/?EIO=3&transport=polling&t=NA8nmO_ -- Mozilla/5.0 (Macintosh; Intel Mac OS X 10_15_3) AppleWebKit/537.36 (KHTML, like Gecko) Chrome/83.0.4103.61 Safari/537.36 -- Sat Jun 06 2020 16:37:24 GMT+0800 (CST)
GET -- /__svrx.io__/?EIO=3&transport=polling&t=NA8nnrR -- Mozilla/5.0 (Macintosh; Intel Mac OS X 10_15_3) AppleWebKit/537.36 (KHTML, like Gecko) Chrome/83.0.4103.61 Safari/537.36 -- Sat Jun 06 2020 16:37:30 GMT+0800 (CST)
GET -- /__svrx.io__/?EIO=3&transport=polling&t=NA8npIs -- Mozilla/5.0 (Macintosh; Intel Mac OS X 10_15_3) AppleWebKit/537.36 (KHTML, like Gecko) Chrome/83.0.4103.61 Safari/537.36 -- Sat Jun 06 2020 16:37:36 GMT+0800 (CST)
GET -- /__svrx.io__/?EIO=3&transport=polling&t=NA8nqn1 -- Mozilla/5.0 (Macintosh; Intel Mac OS X 10_15_3) AppleWebKit/537.36 (KHTML, like Gecko) Chrome/83.0.4103.61 Safari/537.36 -- Sat Jun 06 2020 16:37:42 GMT+0800 (CST)
GET -- /__svrx.io__/?EIO=3&transport=polling&t=NA8nsFA -- Mozilla/5.0 (Macintosh; Intel Mac OS X 10_15_3) AppleWebKit/537.36 (KHTML, like Gecko) Chrome/83.0.4103.61 Safari/537.36 -- Sat Jun 06 2020 16:37:48 GMT+0800 (CST)
GET -- /__svrx.io__/?EIO=3&transport=polling&t=NA8ntjr -- Mozilla/5.0 (Macintosh; Intel Mac OS X 10_15_3) AppleWebKit/537.36 (KHTML, like Gecko) Chrome/83.0.4103.61 Safari/537.36 -- Sat Jun 06 2020 16:37:54 GMT+0800 (CST)
GET -- /__svrx.io__/?EIO=3&transport=polling&t=NA8nvA0 -- Mozilla/5.0 (Macintosh; Intel Mac OS X 10_15_3) AppleWebKit/537.36 (KHTML, like Gecko) Chrome/83.0.4103.61 Safari/537.36 -- Sat Jun 06 2020 16:38:00 GMT+0800 (CST)
GET -- /__svrx.io__/?EIO=3&transport=polling&t=NA8nwdW -- Mozilla/5.0 (Macintosh; Intel Mac OS X 10_15_3) AppleWebKit/537.36 (KHTML, like Gecko) Chrome/83.0.4103.61 Safari/537.36 -- Sat Jun 06 2020 16:38:06 GMT+0800 (CST)
GET -- /__svrx.io__/?EIO=3&transport=polling&t=NA8ny62 -- Mozilla/5.0 (Macintosh; Intel Mac OS X 10_15_3) AppleWebKit/537.36 (KHTML, like Gecko) Chrome/83.0.4103.61 Safari/537.36 -- Sat Jun 06 2020 16:38:12 GMT+0800 (CST)
GET -- /__svrx.io__/?EIO=3&transport=polling&t=NA8nzaP -- Mozilla/5.0 (Macintosh; Intel Mac OS X 10_15_3) AppleWebKit/537.36 (KHTML, like Gecko) Chrome/83.0.4103.61 Safari/537.36 -- Sat Jun 06 2020 16:38:18 GMT+0800 (CST)
GET -- /__svrx.io__/?EIO=3&transport=polling&t=NA8n_29 -- Mozilla/5.0 (Macintosh; Intel Mac OS X 10_15_3) AppleWebKit/537.36 (KHTML, like Gecko) Chrome/83.0.4103.61 Safari/537.36 -- Sat Jun 06 2020 16:38:24 GMT+0800 (CST)
GET -- /__svrx.io__/?EIO=3&transport=polling&t=NA8o0UG -- Mozilla/5.0 (Macintosh; Intel Mac OS X 10_15_3) AppleWebKit/537.36 (KHTML, like Gecko) Chrome/83.0.4103.61 Safari/537.36 -- Sat Jun 06 2020 16:38:30 GMT+0800 (CST)
GET -- /__svrx.io__/?EIO=3&transport=polling&t=NA8o1y9 -- Mozilla/5.0 (Macintosh; Intel Mac OS X 10_15_3) AppleWebKit/537.36 (KHTML, like Gecko) Chrome/83.0.4103.61 Safari/537.36 -- Sat Jun 06 2020 16:38:36 GMT+0800 (CST)
GET -- /__svrx.io__/?EIO=3&transport=polling&t=NA8o3QH -- Mozilla/5.0 (Macintosh; Intel Mac OS X 10_15_3) AppleWebKit/537.36 (KHTML, like Gecko) Chrome/83.0.4103.61 Safari/537.36 -- Sat Jun 06 2020 16:38:42 GMT+0800 (CST)
GET -- /__svrx.io__/?EIO=3&transport=polling&t=NA8o4uI -- Mozilla/5.0 (Macintosh; Intel Mac OS X 10_15_3) AppleWebKit/537.36 (KHTML, like Gecko) Chrome/83.0.4103.61 Safari/537.36 -- Sat Jun 06 2020 16:38:48 GMT+0800 (CST)
GET -- /__svrx.io__/?EIO=3&transport=polling&t=NA8o6ME -- Mozilla/5.0 (Macintosh; Intel Mac OS X 10_15_3) AppleWebKit/537.36 (KHTML, like Gecko) Chrome/83.0.4103.61 Safari/537.36 -- Sat Jun 06 2020 16:38:54 GMT+0800 (CST)
GET -- /__svrx.io__/?EIO=3&transport=polling&t=NA8o7qK -- Mozilla/5.0 (Macintosh; Intel Mac OS X 10_15_3) AppleWebKit/537.36 (KHTML, like Gecko) Chrome/83.0.4103.61 Safari/537.36 -- Sat Jun 06 2020 16:39:00 GMT+0800 (CST)
GET -- /__svrx.io__/?EIO=3&transport=polling&t=NA8o9J9 -- Mozilla/5.0 (Macintosh; Intel Mac OS X 10_15_3) AppleWebKit/537.36 (KHTML, like Gecko) Chrome/83.0.4103.61 Safari/537.36 -- Sat Jun 06 2020 16:39:06 GMT+0800 (CST)
GET -- /__svrx.io__/?EIO=3&transport=polling&t=NA8oAl1 -- Mozilla/5.0 (Macintosh; Intel Mac OS X 10_15_3) AppleWebKit/537.36 (KHTML, like Gecko) Chrome/83.0.4103.61 Safari/537.36 -- Sat Jun 06 2020 16:39:12 GMT+0800 (CST)
GET -- /__svrx.io__/?EIO=3&transport=polling&t=NA8oCCh -- Mozilla/5.0 (Macintosh; Intel Mac OS X 10_15_3) AppleWebKit/537.36 (KHTML, like Gecko) Chrome/83.0.4103.61 Safari/537.36 -- Sat Jun 06 2020 16:39:18 GMT+0800 (CST)
GET -- /__svrx.io__/?EIO=3&transport=polling&t=NA8oDgQ -- Mozilla/5.0 (Macintosh; Intel Mac OS X 10_15_3) AppleWebKit/537.36 (KHTML, like Gecko) Chrome/83.0.4103.61 Safari/537.36 -- Sat Jun 06 2020 16:39:24 GMT+0800 (CST)
GET -- /__svrx.io__/?EIO=3&transport=polling&t=NA8oFAX -- Mozilla/5.0 (Macintosh; Intel Mac OS X 10_15_3) AppleWebKit/537.36 (KHTML, like Gecko) Chrome/83.0.4103.61 Safari/537.36 -- Sat Jun 06 2020 16:39:30 GMT+0800 (CST)
GET -- /__svrx.io__/?EIO=3&transport=polling&t=NA8oGd6 -- Mozilla/5.0 (Macintosh; Intel Mac OS X 10_15_3) AppleWebKit/537.36 (KHTML, like Gecko) Chrome/83.0.4103.61 Safari/537.36 -- Sat Jun 06 2020 16:39:36 GMT+0800 (CST)
GET -- /__svrx.io__/?EIO=3&transport=polling&t=NA8oI5d -- Mozilla/5.0 (Macintosh; Intel Mac OS X 10_15_3) AppleWebKit/537.36 (KHTML, like Gecko) Chrome/83.0.4103.61 Safari/537.36 -- Sat Jun 06 2020 16:39:42 GMT+0800 (CST)
GET -- /__svrx.io__/?EIO=3&transport=polling&t=NA8oJXH -- Mozilla/5.0 (Macintosh; Intel Mac OS X 10_15_3) AppleWebKit/537.36 (KHTML, like Gecko) Chrome/83.0.4103.61 Safari/537.36 -- Sat Jun 06 2020 16:39:48 GMT+0800 (CST)
GET -- /__svrx.io__/?EIO=3&transport=polling&t=NA8oK_2 -- Mozilla/5.0 (Macintosh; Intel Mac OS X 10_15_3) AppleWebKit/537.36 (KHTML, like Gecko) Chrome/83.0.4103.61 Safari/537.36 -- Sat Jun 06 2020 16:39:54 GMT+0800 (CST)
GET -- /__svrx.io__/?EIO=3&transport=polling&t=NA8oMSx -- Mozilla/5.0 (Macintosh; Intel Mac OS X 10_15_3) AppleWebKit/537.36 (KHTML, like Gecko) Chrome/83.0.4103.61 Safari/537.36 -- Sat Jun 06 2020 16:40:00 GMT+0800 (CST)
GET -- /__svrx.io__/?EIO=3&transport=polling&t=NA8oNwx -- Mozilla/5.0 (Macintosh; Intel Mac OS X 10_15_3) AppleWebKit/537.36 (KHTML, like Gecko) Chrome/83.0.4103.61 Safari/537.36 -- Sat Jun 06 2020 16:40:06 GMT+0800 (CST)
GET -- /__svrx.io__/?EIO=3&transport=polling&t=NA8oPPC -- Mozilla/5.0 (Macintosh; Intel Mac OS X 10_15_3) AppleWebKit/537.36 (KHTML, like Gecko) Chrome/83.0.4103.61 Safari/537.36 -- Sat Jun 06 2020 16:40:12 GMT+0800 (CST)
GET -- /__svrx.io__/?EIO=3&transport=polling&t=NA8oQtk -- Mozilla/5.0 (Macintosh; Intel Mac OS X 10_15_3) AppleWebKit/537.36 (KHTML, like Gecko) Chrome/83.0.4103.61 Safari/537.36 -- Sat Jun 06 2020 16:40:18 GMT+0800 (CST)
GET -- /__svrx.io__/?EIO=3&transport=polling&t=NA8oSK1 -- Mozilla/5.0 (Macintosh; Intel Mac OS X 10_15_3) AppleWebKit/537.36 (KHTML, like Gecko) Chrome/83.0.4103.61 Safari/537.36 -- Sat Jun 06 2020 16:40:24 GMT+0800 (CST)
GET -- /__svrx.io__/?EIO=3&transport=polling&t=NA8oTmv -- Mozilla/5.0 (Macintosh; Intel Mac OS X 10_15_3) AppleWebKit/537.36 (KHTML, like Gecko) Chrome/83.0.4103.61 Safari/537.36 -- Sat Jun 06 2020 16:40:30 GMT+0800 (CST)
GET -- /__svrx.io__/?EIO=3&transport=polling&t=NA8oVFA -- Mozilla/5.0 (Macintosh; Intel Mac OS X 10_15_3) AppleWebKit/537.36 (KHTML, like Gecko) Chrome/83.0.4103.61 Safari/537.36 -- Sat Jun 06 2020 16:40:36 GMT+0800 (CST)
GET -- /__svrx.io__/?EIO=3&transport=polling&t=NA8oWiw -- Mozilla/5.0 (Macintosh; Intel Mac OS X 10_15_3) AppleWebKit/537.36 (KHTML, like Gecko) Chrome/83.0.4103.61 Safari/537.36 -- Sat Jun 06 2020 16:40:42 GMT+0800 (CST)
GET -- /__svrx.io__/?EIO=3&transport=polling&t=NA8oYAx -- Mozilla/5.0 (Macintosh; Intel Mac OS X 10_15_3) AppleWebKit/537.36 (KHTML, like Gecko) Chrome/83.0.4103.61 Safari/537.36 -- Sat Jun 06 2020 16:40:48 GMT+0800 (CST)
GET -- /__svrx.io__/?EIO=3&transport=polling&t=NA8oZem -- Mozilla/5.0 (Macintosh; Intel Mac OS X 10_15_3) AppleWebKit/537.36 (KHTML, like Gecko) Chrome/83.0.4103.61 Safari/537.36 -- Sat Jun 06 2020 16:40:54 GMT+0800 (CST)
GET -- /__svrx.io__/?EIO=3&transport=polling&t=NA8ob6s -- Mozilla/5.0 (Macintosh; Intel Mac OS X 10_15_3) AppleWebKit/537.36 (KHTML, like Gecko) Chrome/83.0.4103.61 Safari/537.36 -- Sat Jun 06 2020 16:41:00 GMT+0800 (CST)
GET -- /__svrx.io__/?EIO=3&transport=polling&t=NA8ocan -- Mozilla/5.0 (Macintosh; Intel Mac OS X 10_15_3) AppleWebKit/537.36 (KHTML, like Gecko) Chrome/83.0.4103.61 Safari/537.36 -- Sat Jun 06 2020 16:41:06 GMT+0800 (CST)
GET -- /__svrx.io__/?EIO=3&transport=polling&t=NA8oe3V -- Mozilla/5.0 (Macintosh; Intel Mac OS X 10_15_3) AppleWebKit/537.36 (KHTML, like Gecko) Chrome/83.0.4103.61 Safari/537.36 -- Sat Jun 06 2020 16:41:12 GMT+0800 (CST)
GET -- /__svrx.io__/?EIO=3&transport=polling&t=NA8ofW9 -- Mozilla/5.0 (Macintosh; Intel Mac OS X 10_15_3) AppleWebKit/537.36 (KHTML, like Gecko) Chrome/83.0.4103.61 Safari/537.36 -- Sat Jun 06 2020 16:41:18 GMT+0800 (CST)
GET -- /__svrx.io__/?EIO=3&transport=polling&t=NA8ogzF -- Mozilla/5.0 (Macintosh; Intel Mac OS X 10_15_3) AppleWebKit/537.36 (KHTML, like Gecko) Chrome/83.0.4103.61 Safari/537.36 -- Sat Jun 06 2020 16:41:24 GMT+0800 (CST)
GET -- /__svrx.io__/?EIO=3&transport=polling&t=NA8oiQx -- Mozilla/5.0 (Macintosh; Intel Mac OS X 10_15_3) AppleWebKit/537.36 (KHTML, like Gecko) Chrome/83.0.4103.61 Safari/537.36 -- Sat Jun 06 2020 16:41:30 GMT+0800 (CST)
GET -- /__svrx.io__/?EIO=3&transport=polling&t=NA8oju_ -- Mozilla/5.0 (Macintosh; Intel Mac OS X 10_15_3) AppleWebKit/537.36 (KHTML, like Gecko) Chrome/83.0.4103.61 Safari/537.36 -- Sat Jun 06 2020 16:41:36 GMT+0800 (CST)
GET -- /__svrx.io__/?EIO=3&transport=polling&t=NA8olM_ -- Mozilla/5.0 (Macintosh; Intel Mac OS X 10_15_3) AppleWebKit/537.36 (KHTML, like Gecko) Chrome/83.0.4103.61 Safari/537.36 -- Sat Jun 06 2020 16:41:42 GMT+0800 (CST)
GET -- /__svrx.io__/?EIO=3&transport=polling&t=NA8omql -- Mozilla/5.0 (Macintosh; Intel Mac OS X 10_15_3) AppleWebKit/537.36 (KHTML, like Gecko) Chrome/83.0.4103.61 Safari/537.36 -- Sat Jun 06 2020 16:41:48 GMT+0800 (CST)
GET -- /__svrx.io__/?EIO=3&transport=polling&t=NA8ooJ5 -- Mozilla/5.0 (Macintosh; Intel Mac OS X 10_15_3) AppleWebKit/537.36 (KHTML, like Gecko) Chrome/83.0.4103.61 Safari/537.36 -- Sat Jun 06 2020 16:41:54 GMT+0800 (CST)
GET -- /__svrx.io__/?EIO=3&transport=polling&t=NA8oq12 -- Mozilla/5.0 (Macintosh; Intel Mac OS X 10_15_3) AppleWebKit/537.36 (KHTML, like Gecko) Chrome/83.0.4103.61 Safari/537.36 -- Sat Jun 06 2020 16:42:01 GMT+0800 (CST)
GET -- /__svrx.io__/?EIO=3&transport=polling&t=NA8orUd -- Mozilla/5.0 (Macintosh; Intel Mac OS X 10_15_3) AppleWebKit/537.36 (KHTML, like Gecko) Chrome/83.0.4103.61 Safari/537.36 -- Sat Jun 06 2020 16:42:07 GMT+0800 (CST)
GET -- /__svrx.io__/?EIO=3&transport=polling&t=NA8ot5H -- Mozilla/5.0 (Macintosh; Intel Mac OS X 10_15_3) AppleWebKit/537.36 (KHTML, like Gecko) Chrome/83.0.4103.61 Safari/537.36 -- Sat Jun 06 2020 16:42:13 GMT+0800 (CST)
GET -- /__svrx.io__/?EIO=3&transport=polling&t=NA8ougo -- Mozilla/5.0 (Macintosh; Intel Mac OS X 10_15_3) AppleWebKit/537.36 (KHTML, like Gecko) Chrome/83.0.4103.61 Safari/537.36 -- Sat Jun 06 2020 16:42:20 GMT+0800 (CST)
GET -- /__svrx.io__/?EIO=3&transport=polling&t=NA8ow7N -- Mozilla/5.0 (Macintosh; Intel Mac OS X 10_15_3) AppleWebKit/537.36 (KHTML, like Gecko) Chrome/83.0.4103.61 Safari/537.36 -- Sat Jun 06 2020 16:42:26 GMT+0800 (CST)
GET -- /__svrx.io__/?EIO=3&transport=polling&t=NA8oxcI -- Mozilla/5.0 (Macintosh; Intel Mac OS X 10_15_3) AppleWebKit/537.36 (KHTML, like Gecko) Chrome/83.0.4103.61 Safari/537.36 -- Sat Jun 06 2020 16:42:32 GMT+0800 (CST)
GET -- /__svrx.io__/?EIO=3&transport=polling&t=NA8oz1p -- Mozilla/5.0 (Macintosh; Intel Mac OS X 10_15_3) AppleWebKit/537.36 (KHTML, like Gecko) Chrome/83.0.4103.61 Safari/537.36 -- Sat Jun 06 2020 16:42:38 GMT+0800 (CST)
GET -- /__svrx.io__/?EIO=3&transport=polling&t=NA8o-if -- Mozilla/5.0 (Macintosh; Intel Mac OS X 10_15_3) AppleWebKit/537.36 (KHTML, like Gecko) Chrome/83.0.4103.61 Safari/537.36 -- Sat Jun 06 2020 16:42:44 GMT+0800 (CST)
GET -- /__svrx.io__/?EIO=3&transport=polling&t=NA8p0Ro -- Mozilla/5.0 (Macintosh; Intel Mac OS X 10_15_3) AppleWebKit/537.36 (KHTML, like Gecko) Chrome/83.0.4103.61 Safari/537.36 -- Sat Jun 06 2020 16:42:52 GMT+0800 (CST)
GET -- /__svrx.io__/?EIO=3&transport=polling&t=NA8p1vy -- Mozilla/5.0 (Macintosh; Intel Mac OS X 10_15_3) AppleWebKit/537.36 (KHTML, like Gecko) Chrome/83.0.4103.61 Safari/537.36 -- Sat Jun 06 2020 16:42:58 GMT+0800 (CST)
GET -- /__svrx.io__/?EIO=3&transport=polling&t=NA8p3OL -- Mozilla/5.0 (Macintosh; Intel Mac OS X 10_15_3) AppleWebKit/537.36 (KHTML, like Gecko) Chrome/83.0.4103.61 Safari/537.36 -- Sat Jun 06 2020 16:43:04 GMT+0800 (CST)
GET -- /__svrx.io__/?EIO=3&transport=polling&t=NA8p4sY -- Mozilla/5.0 (Macintosh; Intel Mac OS X 10_15_3) AppleWebKit/537.36 (KHTML, like Gecko) Chrome/83.0.4103.61 Safari/537.36 -- Sat Jun 06 2020 16:43:10 GMT+0800 (CST)
GET -- /__svrx.io__/?EIO=3&transport=polling&t=NA8p6LQ -- Mozilla/5.0 (Macintosh; Intel Mac OS X 10_15_3) AppleWebKit/537.36 (KHTML, like Gecko) Chrome/83.0.4103.61 Safari/537.36 -- Sat Jun 06 2020 16:43:16 GMT+0800 (CST)
GET -- /__svrx.io__/?EIO=3&transport=polling&t=NA8p7nC -- Mozilla/5.0 (Macintosh; Intel Mac OS X 10_15_3) AppleWebKit/537.36 (KHTML, like Gecko) Chrome/83.0.4103.61 Safari/537.36 -- Sat Jun 06 2020 16:43:22 GMT+0800 (CST)
GET -- /__svrx.io__/?EIO=3&transport=polling&t=NA8p9Ep -- Mozilla/5.0 (Macintosh; Intel Mac OS X 10_15_3) AppleWebKit/537.36 (KHTML, like Gecko) Chrome/83.0.4103.61 Safari/537.36 -- Sat Jun 06 2020 16:43:28 GMT+0800 (CST)
GET -- /__svrx.io__/?EIO=3&transport=polling&t=NA8pAij -- Mozilla/5.0 (Macintosh; Intel Mac OS X 10_15_3) AppleWebKit/537.36 (KHTML, like Gecko) Chrome/83.0.4103.61 Safari/537.36 -- Sat Jun 06 2020 16:43:34 GMT+0800 (CST)
GET -- /__svrx.io__/?EIO=3&transport=polling&t=NA8pCLt -- Mozilla/5.0 (Macintosh; Intel Mac OS X 10_15_3) AppleWebKit/537.36 (KHTML, like Gecko) Chrome/83.0.4103.61 Safari/537.36 -- Sat Jun 06 2020 16:43:40 GMT+0800 (CST)
GET -- /__svrx.io__/?EIO=3&transport=polling&t=NA8pDvX -- Mozilla/5.0 (Macintosh; Intel Mac OS X 10_15_3) AppleWebKit/537.36 (KHTML, like Gecko) Chrome/83.0.4103.61 Safari/537.36 -- Sat Jun 06 2020 16:43:47 GMT+0800 (CST)
GET -- /__svrx.io__/?EIO=3&transport=polling&t=NA8pFWN -- Mozilla/5.0 (Macintosh; Intel Mac OS X 10_15_3) AppleWebKit/537.36 (KHTML, like Gecko) Chrome/83.0.4103.61 Safari/537.36 -- Sat Jun 06 2020 16:43:53 GMT+0800 (CST)
GET -- /__svrx.io__/?EIO=3&transport=polling&t=NA8pHIH -- Mozilla/5.0 (Macintosh; Intel Mac OS X 10_15_3) AppleWebKit/537.36 (KHTML, like Gecko) Chrome/83.0.4103.61 Safari/537.36 -- Sat Jun 06 2020 16:44:01 GMT+0800 (CST)
GET -- /__svrx.io__/?EIO=3&transport=polling&t=NA8pIm2 -- Mozilla/5.0 (Macintosh; Intel Mac OS X 10_15_3) AppleWebKit/537.36 (KHTML, like Gecko) Chrome/83.0.4103.61 Safari/537.36 -- Sat Jun 06 2020 16:44:07 GMT+0800 (CST)
GET -- /__svrx.io__/?EIO=3&transport=polling&t=NA8pKE6 -- Mozilla/5.0 (Macintosh; Intel Mac OS X 10_15_3) AppleWebKit/537.36 (KHTML, like Gecko) Chrome/83.0.4103.61 Safari/537.36 -- Sat Jun 06 2020 16:44:13 GMT+0800 (CST)
GET -- /__svrx.io__/?EIO=3&transport=polling&t=NA8pLi5 -- Mozilla/5.0 (Macintosh; Intel Mac OS X 10_15_3) AppleWebKit/537.36 (KHTML, like Gecko) Chrome/83.0.4103.61 Safari/537.36 -- Sat Jun 06 2020 16:44:19 GMT+0800 (CST)
GET -- /__svrx.io__/?EIO=3&transport=polling&t=NA8pNA6 -- Mozilla/5.0 (Macintosh; Intel Mac OS X 10_15_3) AppleWebKit/537.36 (KHTML, like Gecko) Chrome/83.0.4103.61 Safari/537.36 -- Sat Jun 06 2020 16:44:25 GMT+0800 (CST)
GET -- /__svrx.io__/?EIO=3&transport=polling&t=NA8pOeF -- Mozilla/5.0 (Macintosh; Intel Mac OS X 10_15_3) AppleWebKit/537.36 (KHTML, like Gecko) Chrome/83.0.4103.61 Safari/537.36 -- Sat Jun 06 2020 16:44:31 GMT+0800 (CST)
GET -- /__svrx.io__/?EIO=3&transport=polling&t=NA8pQ7J -- Mozilla/5.0 (Macintosh; Intel Mac OS X 10_15_3) AppleWebKit/537.36 (KHTML, like Gecko) Chrome/83.0.4103.61 Safari/537.36 -- Sat Jun 06 2020 16:44:37 GMT+0800 (CST)
GET -- /__svrx.io__/?EIO=3&transport=polling&t=NA8pRYz -- Mozilla/5.0 (Macintosh; Intel Mac OS X 10_15_3) AppleWebKit/537.36 (KHTML, like Gecko) Chrome/83.0.4103.61 Safari/537.36 -- Sat Jun 06 2020 16:44:43 GMT+0800 (CST)
GET -- /__svrx.io__/?EIO=3&transport=polling&t=NA8pS-W -- Mozilla/5.0 (Macintosh; Intel Mac OS X 10_15_3) AppleWebKit/537.36 (KHTML, like Gecko) Chrome/83.0.4103.61 Safari/537.36 -- Sat Jun 06 2020 16:44:48 GMT+0800 (CST)
GET -- /__svrx.io__/?EIO=3&transport=polling&t=NA8pUVA -- Mozilla/5.0 (Macintosh; Intel Mac OS X 10_15_3) AppleWebKit/537.36 (KHTML, like Gecko) Chrome/83.0.4103.61 Safari/537.36 -- Sat Jun 06 2020 16:44:55 GMT+0800 (CST)
GET -- /__svrx.io__/?EIO=3&transport=polling&t=NA8pVzz -- Mozilla/5.0 (Macintosh; Intel Mac OS X 10_15_3) AppleWebKit/537.36 (KHTML, like Gecko) Chrome/83.0.4103.61 Safari/537.36 -- Sat Jun 06 2020 16:45:01 GMT+0800 (CST)
GET -- /__svrx.io__/?EIO=3&transport=polling&t=NA8pXP1 -- Mozilla/5.0 (Macintosh; Intel Mac OS X 10_15_3) AppleWebKit/537.36 (KHTML, like Gecko) Chrome/83.0.4103.61 Safari/537.36 -- Sat Jun 06 2020 16:45:07 GMT+0800 (CST)
GET -- /__svrx.io__/?EIO=3&transport=polling&t=NA8pYrK -- Mozilla/5.0 (Macintosh; Intel Mac OS X 10_15_3) AppleWebKit/537.36 (KHTML, like Gecko) Chrome/83.0.4103.61 Safari/537.36 -- Sat Jun 06 2020 16:45:12 GMT+0800 (CST)
GET -- /__svrx.io__/?EIO=3&transport=polling&t=NA8paaa -- Mozilla/5.0 (Macintosh; Intel Mac OS X 10_15_3) AppleWebKit/537.36 (KHTML, like Gecko) Chrome/83.0.4103.61 Safari/537.36 -- Sat Jun 06 2020 16:45:20 GMT+0800 (CST)
GET -- /__svrx.io__/?EIO=3&transport=polling&t=NA8pc39 -- Mozilla/5.0 (Macintosh; Intel Mac OS X 10_15_3) AppleWebKit/537.36 (KHTML, like Gecko) Chrome/83.0.4103.61 Safari/537.36 -- Sat Jun 06 2020 16:45:26 GMT+0800 (CST)
GET -- /__svrx.io__/?EIO=3&transport=polling&t=NA8pdX9 -- Mozilla/5.0 (Macintosh; Intel Mac OS X 10_15_3) AppleWebKit/537.36 (KHTML, like Gecko) Chrome/83.0.4103.61 Safari/537.36 -- Sat Jun 06 2020 16:45:32 GMT+0800 (CST)
GET -- /__svrx.io__/?EIO=3&transport=polling&t=NA8pexA -- Mozilla/5.0 (Macintosh; Intel Mac OS X 10_15_3) AppleWebKit/537.36 (KHTML, like Gecko) Chrome/83.0.4103.61 Safari/537.36 -- Sat Jun 06 2020 16:45:37 GMT+0800 (CST)
GET -- /__svrx.io__/?EIO=3&transport=polling&t=NA8pgR- -- Mozilla/5.0 (Macintosh; Intel Mac OS X 10_15_3) AppleWebKit/537.36 (KHTML, like Gecko) Chrome/83.0.4103.61 Safari/537.36 -- Sat Jun 06 2020 16:45:44 GMT+0800 (CST)
GET -- /__svrx.io__/?EIO=3&transport=polling&t=NA8phvU -- Mozilla/5.0 (Macintosh; Intel Mac OS X 10_15_3) AppleWebKit/537.36 (KHTML, like Gecko) Chrome/83.0.4103.61 Safari/537.36 -- Sat Jun 06 2020 16:45:50 GMT+0800 (CST)
GET -- /__svrx.io__/?EIO=3&transport=polling&t=NA8pjNL -- Mozilla/5.0 (Macintosh; Intel Mac OS X 10_15_3) AppleWebKit/537.36 (KHTML, like Gecko) Chrome/83.0.4103.61 Safari/537.36 -- Sat Jun 06 2020 16:45:56 GMT+0800 (CST)
GET -- /__svrx.io__/?EIO=3&transport=polling&t=NA8pkrF -- Mozilla/5.0 (Macintosh; Intel Mac OS X 10_15_3) AppleWebKit/537.36 (KHTML, like Gecko) Chrome/83.0.4103.61 Safari/537.36 -- Sat Jun 06 2020 16:46:02 GMT+0800 (CST)
GET -- /__svrx.io__/?EIO=3&transport=polling&t=NA8pmJF -- Mozilla/5.0 (Macintosh; Intel Mac OS X 10_15_3) AppleWebKit/537.36 (KHTML, like Gecko) Chrome/83.0.4103.61 Safari/537.36 -- Sat Jun 06 2020 16:46:08 GMT+0800 (CST)
GET -- /__svrx.io__/?EIO=3&transport=polling&t=NA8pnnF -- Mozilla/5.0 (Macintosh; Intel Mac OS X 10_15_3) AppleWebKit/537.36 (KHTML, like Gecko) Chrome/83.0.4103.61 Safari/537.36 -- Sat Jun 06 2020 16:46:14 GMT+0800 (CST)
GET -- /__svrx.io__/?EIO=3&transport=polling&t=NA8ppF7 -- Mozilla/5.0 (Macintosh; Intel Mac OS X 10_15_3) AppleWebKit/537.36 (KHTML, like Gecko) Chrome/83.0.4103.61 Safari/537.36 -- Sat Jun 06 2020 16:46:20 GMT+0800 (CST)
GET -- /__svrx.io__/?EIO=3&transport=polling&t=NA8pqjk -- Mozilla/5.0 (Macintosh; Intel Mac OS X 10_15_3) AppleWebKit/537.36 (KHTML, like Gecko) Chrome/83.0.4103.61 Safari/537.36 -- Sat Jun 06 2020 16:46:26 GMT+0800 (CST)
GET -- /__svrx.io__/?EIO=3&transport=polling&t=NA8psOx -- Mozilla/5.0 (Macintosh; Intel Mac OS X 10_15_3) AppleWebKit/537.36 (KHTML, like Gecko) Chrome/83.0.4103.61 Safari/537.36 -- Sat Jun 06 2020 16:46:33 GMT+0800 (CST)
GET -- /__svrx.io__/?EIO=3&transport=polling&t=NA8ptuF -- Mozilla/5.0 (Macintosh; Intel Mac OS X 10_15_3) AppleWebKit/537.36 (KHTML, like Gecko) Chrome/83.0.4103.61 Safari/537.36 -- Sat Jun 06 2020 16:46:39 GMT+0800 (CST)
GET -- /__svrx.io__/?EIO=3&transport=polling&t=NA8pvLD -- Mozilla/5.0 (Macintosh; Intel Mac OS X 10_15_3) AppleWebKit/537.36 (KHTML, like Gecko) Chrome/83.0.4103.61 Safari/537.36 -- Sat Jun 06 2020 16:46:45 GMT+0800 (CST)
GET -- /__svrx.io__/?EIO=3&transport=polling&t=NA8pwnr -- Mozilla/5.0 (Macintosh; Intel Mac OS X 10_15_3) AppleWebKit/537.36 (KHTML, like Gecko) Chrome/83.0.4103.61 Safari/537.36 -- Sat Jun 06 2020 16:46:51 GMT+0800 (CST)
GET -- /__svrx.io__/?EIO=3&transport=polling&t=NA8pyGD -- Mozilla/5.0 (Macintosh; Intel Mac OS X 10_15_3) AppleWebKit/537.36 (KHTML, like Gecko) Chrome/83.0.4103.61 Safari/537.36 -- Sat Jun 06 2020 16:46:57 GMT+0800 (CST)
GET -- /__svrx.io__/?EIO=3&transport=polling&t=NA8pzyW -- Mozilla/5.0 (Macintosh; Intel Mac OS X 10_15_3) AppleWebKit/537.36 (KHTML, like Gecko) Chrome/83.0.4103.61 Safari/537.36 -- Sat Jun 06 2020 16:47:03 GMT+0800 (CST)
GET -- /__svrx.io__/?EIO=3&transport=polling&t=NA8p_Tr -- Mozilla/5.0 (Macintosh; Intel Mac OS X 10_15_3) AppleWebKit/537.36 (KHTML, like Gecko) Chrome/83.0.4103.61 Safari/537.36 -- Sat Jun 06 2020 16:47:10 GMT+0800 (CST)
GET -- /__svrx.io__/?EIO=3&transport=polling&t=NA8q0wY -- Mozilla/5.0 (Macintosh; Intel Mac OS X 10_15_3) AppleWebKit/537.36 (KHTML, like Gecko) Chrome/83.0.4103.61 Safari/537.36 -- Sat Jun 06 2020 16:47:16 GMT+0800 (CST)
GET -- /__svrx.io__/?EIO=3&transport=polling&t=NA8q2Pb -- Mozilla/5.0 (Macintosh; Intel Mac OS X 10_15_3) AppleWebKit/537.36 (KHTML, like Gecko) Chrome/83.0.4103.61 Safari/537.36 -- Sat Jun 06 2020 16:47:22 GMT+0800 (CST)
GET -- /__svrx.io__/?EIO=3&transport=polling&t=NA8q3q_ -- Mozilla/5.0 (Macintosh; Intel Mac OS X 10_15_3) AppleWebKit/537.36 (KHTML, like Gecko) Chrome/83.0.4103.61 Safari/537.36 -- Sat Jun 06 2020 16:47:28 GMT+0800 (CST)
GET -- /__svrx.io__/?EIO=3&transport=polling&t=NA8q5Ip -- Mozilla/5.0 (Macintosh; Intel Mac OS X 10_15_3) AppleWebKit/537.36 (KHTML, like Gecko) Chrome/83.0.4103.61 Safari/537.36 -- Sat Jun 06 2020 16:47:34 GMT+0800 (CST)
GET -- /__svrx.io__/?EIO=3&transport=polling&t=NA8q6mm -- Mozilla/5.0 (Macintosh; Intel Mac OS X 10_15_3) AppleWebKit/537.36 (KHTML, like Gecko) Chrome/83.0.4103.61 Safari/537.36 -- Sat Jun 06 2020 16:47:40 GMT+0800 (CST)
GET -- /__svrx.io__/?EIO=3&transport=polling&t=NA8q8En -- Mozilla/5.0 (Macintosh; Intel Mac OS X 10_15_3) AppleWebKit/537.36 (KHTML, like Gecko) Chrome/83.0.4103.61 Safari/537.36 -- Sat Jun 06 2020 16:47:46 GMT+0800 (CST)
GET -- /__svrx.io__/?EIO=3&transport=polling&t=NA8q9iv -- Mozilla/5.0 (Macintosh; Intel Mac OS X 10_15_3) AppleWebKit/537.36 (KHTML, like Gecko) Chrome/83.0.4103.61 Safari/537.36 -- Sat Jun 06 2020 16:47:52 GMT+0800 (CST)
GET -- /__svrx.io__/?EIO=3&transport=polling&t=NA8qBBr -- Mozilla/5.0 (Macintosh; Intel Mac OS X 10_15_3) AppleWebKit/537.36 (KHTML, like Gecko) Chrome/83.0.4103.61 Safari/537.36 -- Sat Jun 06 2020 16:47:58 GMT+0800 (CST)
GET -- /__svrx.io__/?EIO=3&transport=polling&t=NA8qCvU -- Mozilla/5.0 (Macintosh; Intel Mac OS X 10_15_3) AppleWebKit/537.36 (KHTML, like Gecko) Chrome/83.0.4103.61 Safari/537.36 -- Sat Jun 06 2020 16:48:05 GMT+0800 (CST)
GET -- /__svrx.io__/?EIO=3&transport=polling&t=NA8qEMS -- Mozilla/5.0 (Macintosh; Intel Mac OS X 10_15_3) AppleWebKit/537.36 (KHTML, like Gecko) Chrome/83.0.4103.61 Safari/537.36 -- Sat Jun 06 2020 16:48:11 GMT+0800 (CST)
GET -- /__svrx.io__/?EIO=3&transport=polling&t=NA8qFou -- Mozilla/5.0 (Macintosh; Intel Mac OS X 10_15_3) AppleWebKit/537.36 (KHTML, like Gecko) Chrome/83.0.4103.61 Safari/537.36 -- Sat Jun 06 2020 16:48:17 GMT+0800 (CST)
GET -- /__svrx.io__/?EIO=3&transport=polling&t=NA8qHF_ -- Mozilla/5.0 (Macintosh; Intel Mac OS X 10_15_3) AppleWebKit/537.36 (KHTML, like Gecko) Chrome/83.0.4103.61 Safari/537.36 -- Sat Jun 06 2020 16:48:23 GMT+0800 (CST)
GET -- /__svrx.io__/?EIO=3&transport=polling&t=NA8qIjl -- Mozilla/5.0 (Macintosh; Intel Mac OS X 10_15_3) AppleWebKit/537.36 (KHTML, like Gecko) Chrome/83.0.4103.61 Safari/537.36 -- Sat Jun 06 2020 16:48:29 GMT+0800 (CST)
GET -- /__svrx.io__/?EIO=3&transport=polling&t=NA8qKBU -- Mozilla/5.0 (Macintosh; Intel Mac OS X 10_15_3) AppleWebKit/537.36 (KHTML, like Gecko) Chrome/83.0.4103.61 Safari/537.36 -- Sat Jun 06 2020 16:48:35 GMT+0800 (CST)
GET -- /__svrx.io__/?EIO=3&transport=polling&t=NA8qLff -- Mozilla/5.0 (Macintosh; Intel Mac OS X 10_15_3) AppleWebKit/537.36 (KHTML, like Gecko) Chrome/83.0.4103.61 Safari/537.36 -- Sat Jun 06 2020 16:48:41 GMT+0800 (CST)
GET -- /__svrx.io__/?EIO=3&transport=polling&t=NA8qN7W -- Mozilla/5.0 (Macintosh; Intel Mac OS X 10_15_3) AppleWebKit/537.36 (KHTML, like Gecko) Chrome/83.0.4103.61 Safari/537.36 -- Sat Jun 06 2020 16:48:47 GMT+0800 (CST)
GET -- /__svrx.io__/?EIO=3&transport=polling&t=NA8qObY -- Mozilla/5.0 (Macintosh; Intel Mac OS X 10_15_3) AppleWebKit/537.36 (KHTML, like Gecko) Chrome/83.0.4103.61 Safari/537.36 -- Sat Jun 06 2020 16:48:53 GMT+0800 (CST)
GET -- /__svrx.io__/?EIO=3&transport=polling&t=NA8qQ3o -- Mozilla/5.0 (Macintosh; Intel Mac OS X 10_15_3) AppleWebKit/537.36 (KHTML, like Gecko) Chrome/83.0.4103.61 Safari/537.36 -- Sat Jun 06 2020 16:48:59 GMT+0800 (CST)
GET -- /__svrx.io__/?EIO=3&transport=polling&t=NA8qRYb -- Mozilla/5.0 (Macintosh; Intel Mac OS X 10_15_3) AppleWebKit/537.36 (KHTML, like Gecko) Chrome/83.0.4103.61 Safari/537.36 -- Sat Jun 06 2020 16:49:05 GMT+0800 (CST)
GET -- /__svrx.io__/?EIO=3&transport=polling&t=NA8qTGD -- Mozilla/5.0 (Macintosh; Intel Mac OS X 10_15_3) AppleWebKit/537.36 (KHTML, like Gecko) Chrome/83.0.4103.61 Safari/537.36 -- Sat Jun 06 2020 16:49:12 GMT+0800 (CST)
GET -- /__svrx.io__/?EIO=3&transport=polling&t=NA8qUiK -- Mozilla/5.0 (Macintosh; Intel Mac OS X 10_15_3) AppleWebKit/537.36 (KHTML, like Gecko) Chrome/83.0.4103.61 Safari/537.36 -- Sat Jun 06 2020 16:49:18 GMT+0800 (CST)
GET -- /__svrx.io__/?EIO=3&transport=polling&t=NA8qWBT -- Mozilla/5.0 (Macintosh; Intel Mac OS X 10_15_3) AppleWebKit/537.36 (KHTML, like Gecko) Chrome/83.0.4103.61 Safari/537.36 -- Sat Jun 06 2020 16:49:24 GMT+0800 (CST)
GET -- /__svrx.io__/?EIO=3&transport=polling&t=NA8qXct -- Mozilla/5.0 (Macintosh; Intel Mac OS X 10_15_3) AppleWebKit/537.36 (KHTML, like Gecko) Chrome/83.0.4103.61 Safari/537.36 -- Sat Jun 06 2020 16:49:30 GMT+0800 (CST)
GET -- /__svrx.io__/?EIO=3&transport=polling&t=NA8qZ4d -- Mozilla/5.0 (Macintosh; Intel Mac OS X 10_15_3) AppleWebKit/537.36 (KHTML, like Gecko) Chrome/83.0.4103.61 Safari/537.36 -- Sat Jun 06 2020 16:49:36 GMT+0800 (CST)
GET -- /__svrx.io__/?EIO=3&transport=polling&t=NA8qaYX -- Mozilla/5.0 (Macintosh; Intel Mac OS X 10_15_3) AppleWebKit/537.36 (KHTML, like Gecko) Chrome/83.0.4103.61 Safari/537.36 -- Sat Jun 06 2020 16:49:42 GMT+0800 (CST)
GET -- /__svrx.io__/?EIO=3&transport=polling&t=NA8qc07 -- Mozilla/5.0 (Macintosh; Intel Mac OS X 10_15_3) AppleWebKit/537.36 (KHTML, like Gecko) Chrome/83.0.4103.61 Safari/537.36 -- Sat Jun 06 2020 16:49:48 GMT+0800 (CST)
GET -- /__svrx.io__/?EIO=3&transport=polling&t=NA8qdUV -- Mozilla/5.0 (Macintosh; Intel Mac OS X 10_15_3) AppleWebKit/537.36 (KHTML, like Gecko) Chrome/83.0.4103.61 Safari/537.36 -- Sat Jun 06 2020 16:49:54 GMT+0800 (CST)
GET -- /__svrx.io__/?EIO=3&transport=polling&t=NA8qfA7 -- Mozilla/5.0 (Macintosh; Intel Mac OS X 10_15_3) AppleWebKit/537.36 (KHTML, like Gecko) Chrome/83.0.4103.61 Safari/537.36 -- Sat Jun 06 2020 16:50:00 GMT+0800 (CST)
GET -- /__svrx.io__/?EIO=3&transport=polling&t=NA8qgfG -- Mozilla/5.0 (Macintosh; Intel Mac OS X 10_15_3) AppleWebKit/537.36 (KHTML, like Gecko) Chrome/83.0.4103.61 Safari/537.36 -- Sat Jun 06 2020 16:50:07 GMT+0800 (CST)
GET -- /__svrx.io__/?EIO=3&transport=polling&t=NA8qiHM -- Mozilla/5.0 (Macintosh; Intel Mac OS X 10_15_3) AppleWebKit/537.36 (KHTML, like Gecko) Chrome/83.0.4103.61 Safari/537.36 -- Sat Jun 06 2020 16:50:13 GMT+0800 (CST)
GET -- /__svrx.io__/?EIO=3&transport=polling&t=NA8qk3q -- Mozilla/5.0 (Macintosh; Intel Mac OS X 10_15_3) AppleWebKit/537.36 (KHTML, like Gecko) Chrome/83.0.4103.61 Safari/537.36 -- Sat Jun 06 2020 16:50:21 GMT+0800 (CST)
GET -- /__svrx.io__/?EIO=3&transport=polling&t=NA8qlXb -- Mozilla/5.0 (Macintosh; Intel Mac OS X 10_15_3) AppleWebKit/537.36 (KHTML, like Gecko) Chrome/83.0.4103.61 Safari/537.36 -- Sat Jun 06 2020 16:50:27 GMT+0800 (CST)
GET -- /__svrx.io__/?EIO=3&transport=polling&t=NA8qm_a -- Mozilla/5.0 (Macintosh; Intel Mac OS X 10_15_3) AppleWebKit/537.36 (KHTML, like Gecko) Chrome/83.0.4103.61 Safari/537.36 -- Sat Jun 06 2020 16:50:33 GMT+0800 (CST)
GET -- /__svrx.io__/?EIO=3&transport=polling&t=NA8qoTg -- Mozilla/5.0 (Macintosh; Intel Mac OS X 10_15_3) AppleWebKit/537.36 (KHTML, like Gecko) Chrome/83.0.4103.61 Safari/537.36 -- Sat Jun 06 2020 16:50:39 GMT+0800 (CST)
GET -- /__svrx.io__/?EIO=3&transport=polling&t=NA8qpxh -- Mozilla/5.0 (Macintosh; Intel Mac OS X 10_15_3) AppleWebKit/537.36 (KHTML, like Gecko) Chrome/83.0.4103.61 Safari/537.36 -- Sat Jun 06 2020 16:50:45 GMT+0800 (CST)
GET -- /__svrx.io__/?EIO=3&transport=polling&t=NA8qrQ8 -- Mozilla/5.0 (Macintosh; Intel Mac OS X 10_15_3) AppleWebKit/537.36 (KHTML, like Gecko) Chrome/83.0.4103.61 Safari/537.36 -- Sat Jun 06 2020 16:50:51 GMT+0800 (CST)
GET -- /__svrx.io__/?EIO=3&transport=polling&t=NA8qsul -- Mozilla/5.0 (Macintosh; Intel Mac OS X 10_15_3) AppleWebKit/537.36 (KHTML, like Gecko) Chrome/83.0.4103.61 Safari/537.36 -- Sat Jun 06 2020 16:50:57 GMT+0800 (CST)
GET -- /__svrx.io__/?EIO=3&transport=polling&t=NA8quKA -- Mozilla/5.0 (Macintosh; Intel Mac OS X 10_15_3) AppleWebKit/537.36 (KHTML, like Gecko) Chrome/83.0.4103.61 Safari/537.36 -- Sat Jun 06 2020 16:51:03 GMT+0800 (CST)
GET -- /__svrx.io__/?EIO=3&transport=polling&t=NA8qvnx -- Mozilla/5.0 (Macintosh; Intel Mac OS X 10_15_3) AppleWebKit/537.36 (KHTML, like Gecko) Chrome/83.0.4103.61 Safari/537.36 -- Sat Jun 06 2020 16:51:09 GMT+0800 (CST)
GET -- /__svrx.io__/?EIO=3&transport=polling&t=NA8qxFn -- Mozilla/5.0 (Macintosh; Intel Mac OS X 10_15_3) AppleWebKit/537.36 (KHTML, like Gecko) Chrome/83.0.4103.61 Safari/537.36 -- Sat Jun 06 2020 16:51:15 GMT+0800 (CST)
GET -- /__svrx.io__/?EIO=3&transport=polling&t=NA8qyji -- Mozilla/5.0 (Macintosh; Intel Mac OS X 10_15_3) AppleWebKit/537.36 (KHTML, like Gecko) Chrome/83.0.4103.61 Safari/537.36 -- Sat Jun 06 2020 16:51:21 GMT+0800 (CST)
GET -- /__svrx.io__/?EIO=3&transport=polling&t=NA8q-Bk -- Mozilla/5.0 (Macintosh; Intel Mac OS X 10_15_3) AppleWebKit/537.36 (KHTML, like Gecko) Chrome/83.0.4103.61 Safari/537.36 -- Sat Jun 06 2020 16:51:27 GMT+0800 (CST)
GET -- /__svrx.io__/?EIO=3&transport=polling&t=NA8q_fZ -- Mozilla/5.0 (Macintosh; Intel Mac OS X 10_15_3) AppleWebKit/537.36 (KHTML, like Gecko) Chrome/83.0.4103.61 Safari/537.36 -- Sat Jun 06 2020 16:51:33 GMT+0800 (CST)
GET -- /__svrx.io__/?EIO=3&transport=polling&t=NA8r17i -- Mozilla/5.0 (Macintosh; Intel Mac OS X 10_15_3) AppleWebKit/537.36 (KHTML, like Gecko) Chrome/83.0.4103.61 Safari/537.36 -- Sat Jun 06 2020 16:51:39 GMT+0800 (CST)
GET -- /__svrx.io__/?EIO=3&transport=polling&t=NA8r2nI -- Mozilla/5.0 (Macintosh; Intel Mac OS X 10_15_3) AppleWebKit/537.36 (KHTML, like Gecko) Chrome/83.0.4103.61 Safari/537.36 -- Sat Jun 06 2020 16:51:45 GMT+0800 (CST)
GET -- /__svrx.io__/?EIO=3&transport=polling&t=NA8r4Ho -- Mozilla/5.0 (Macintosh; Intel Mac OS X 10_15_3) AppleWebKit/537.36 (KHTML, like Gecko) Chrome/83.0.4103.61 Safari/537.36 -- Sat Jun 06 2020 16:51:52 GMT+0800 (CST)
GET -- /__svrx.io__/?EIO=3&transport=polling&t=NA8r5z4 -- Mozilla/5.0 (Macintosh; Intel Mac OS X 10_15_3) AppleWebKit/537.36 (KHTML, like Gecko) Chrome/83.0.4103.61 Safari/537.36 -- Sat Jun 06 2020 16:51:58 GMT+0800 (CST)
GET -- /__svrx.io__/?EIO=3&transport=polling&t=NA8r7TY -- Mozilla/5.0 (Macintosh; Intel Mac OS X 10_15_3) AppleWebKit/537.36 (KHTML, like Gecko) Chrome/83.0.4103.61 Safari/537.36 -- Sat Jun 06 2020 16:52:05 GMT+0800 (CST)
GET -- /__svrx.io__/?EIO=3&transport=polling&t=NA8r8xR -- Mozilla/5.0 (Macintosh; Intel Mac OS X 10_15_3) AppleWebKit/537.36 (KHTML, like Gecko) Chrome/83.0.4103.61 Safari/537.36 -- Sat Jun 06 2020 16:52:11 GMT+0800 (CST)
GET -- /__svrx.io__/?EIO=3&transport=polling&t=NA8rAPj -- Mozilla/5.0 (Macintosh; Intel Mac OS X 10_15_3) AppleWebKit/537.36 (KHTML, like Gecko) Chrome/83.0.4103.61 Safari/537.36 -- Sat Jun 06 2020 16:52:17 GMT+0800 (CST)
GET -- /__svrx.io__/?EIO=3&transport=polling&t=NA8rBud -- Mozilla/5.0 (Macintosh; Intel Mac OS X 10_15_3) AppleWebKit/537.36 (KHTML, like Gecko) Chrome/83.0.4103.61 Safari/537.36 -- Sat Jun 06 2020 16:52:23 GMT+0800 (CST)
GET -- /__svrx.io__/?EIO=3&transport=polling&t=NA8rDKA -- Mozilla/5.0 (Macintosh; Intel Mac OS X 10_15_3) AppleWebKit/537.36 (KHTML, like Gecko) Chrome/83.0.4103.61 Safari/537.36 -- Sat Jun 06 2020 16:52:29 GMT+0800 (CST)
GET -- /__svrx.io__/?EIO=3&transport=polling&t=NA8rEnx -- Mozilla/5.0 (Macintosh; Intel Mac OS X 10_15_3) AppleWebKit/537.36 (KHTML, like Gecko) Chrome/83.0.4103.61 Safari/537.36 -- Sat Jun 06 2020 16:52:35 GMT+0800 (CST)
GET -- /__svrx.io__/?EIO=3&transport=polling&t=NA8rGFx -- Mozilla/5.0 (Macintosh; Intel Mac OS X 10_15_3) AppleWebKit/537.36 (KHTML, like Gecko) Chrome/83.0.4103.61 Safari/537.36 -- Sat Jun 06 2020 16:52:41 GMT+0800 (CST)
GET -- /__svrx.io__/?EIO=3&transport=polling&t=NA8rHjy -- Mozilla/5.0 (Macintosh; Intel Mac OS X 10_15_3) AppleWebKit/537.36 (KHTML, like Gecko) Chrome/83.0.4103.61 Safari/537.36 -- Sat Jun 06 2020 16:52:47 GMT+0800 (CST)
GET -- /__svrx.io__/?EIO=3&transport=polling&t=NA8rJC6 -- Mozilla/5.0 (Macintosh; Intel Mac OS X 10_15_3) AppleWebKit/537.36 (KHTML, like Gecko) Chrome/83.0.4103.61 Safari/537.36 -- Sat Jun 06 2020 16:52:53 GMT+0800 (CST)
GET -- /__svrx.io__/?EIO=3&transport=polling&t=NA8rKh0 -- Mozilla/5.0 (Macintosh; Intel Mac OS X 10_15_3) AppleWebKit/537.36 (KHTML, like Gecko) Chrome/83.0.4103.61 Safari/537.36 -- Sat Jun 06 2020 16:52:59 GMT+0800 (CST)
GET -- /__svrx.io__/?EIO=3&transport=polling&t=NA8rM6p -- Mozilla/5.0 (Macintosh; Intel Mac OS X 10_15_3) AppleWebKit/537.36 (KHTML, like Gecko) Chrome/83.0.4103.61 Safari/537.36 -- Sat Jun 06 2020 16:53:05 GMT+0800 (CST)
GET -- /__svrx.io__/?EIO=3&transport=polling&t=NA8rNaR -- Mozilla/5.0 (Macintosh; Intel Mac OS X 10_15_3) AppleWebKit/537.36 (KHTML, like Gecko) Chrome/83.0.4103.61 Safari/537.36 -- Sat Jun 06 2020 16:53:11 GMT+0800 (CST)
GET -- /__svrx.io__/?EIO=3&transport=polling&t=NA8rP2R -- Mozilla/5.0 (Macintosh; Intel Mac OS X 10_15_3) AppleWebKit/537.36 (KHTML, like Gecko) Chrome/83.0.4103.61 Safari/537.36 -- Sat Jun 06 2020 16:53:17 GMT+0800 (CST)
GET -- /__svrx.io__/?EIO=3&transport=polling&t=NA8rQWP -- Mozilla/5.0 (Macintosh; Intel Mac OS X 10_15_3) AppleWebKit/537.36 (KHTML, like Gecko) Chrome/83.0.4103.61 Safari/537.36 -- Sat Jun 06 2020 16:53:23 GMT+0800 (CST)
GET -- /__svrx.io__/?EIO=3&transport=polling&t=NA8rR-7 -- Mozilla/5.0 (Macintosh; Intel Mac OS X 10_15_3) AppleWebKit/537.36 (KHTML, like Gecko) Chrome/83.0.4103.61 Safari/537.36 -- Sat Jun 06 2020 16:53:29 GMT+0800 (CST)
GET -- /__svrx.io__/?EIO=3&transport=polling&t=NA8rTSp -- Mozilla/5.0 (Macintosh; Intel Mac OS X 10_15_3) AppleWebKit/537.36 (KHTML, like Gecko) Chrome/83.0.4103.61 Safari/537.36 -- Sat Jun 06 2020 16:53:35 GMT+0800 (CST)
GET -- /__svrx.io__/?EIO=3&transport=polling&t=NA8rUxD -- Mozilla/5.0 (Macintosh; Intel Mac OS X 10_15_3) AppleWebKit/537.36 (KHTML, like Gecko) Chrome/83.0.4103.61 Safari/537.36 -- Sat Jun 06 2020 16:53:41 GMT+0800 (CST)
GET -- /__svrx.io__/?EIO=3&transport=polling&t=NA8rWX1 -- Mozilla/5.0 (Macintosh; Intel Mac OS X 10_15_3) AppleWebKit/537.36 (KHTML, like Gecko) Chrome/83.0.4103.61 Safari/537.36 -- Sat Jun 06 2020 16:53:47 GMT+0800 (CST)
